<?xml version="1.0" encoding="UTF-8"?>
<testsuite xmlns:xsi="http://www.w3.org/2001/XMLSchema-instance" xsi:noNamespaceSchemaLocation="https://maven.apache.org/surefire/maven-surefire-plugin/xsd/surefire-test-report-3.0.xsd" version="3.0" name="TestSuite" time="272.43" tests="234" errors="0" skipped="0" failures="72">
  <properties>
[...]
</properties>
  <testcase name="testGetAllCarts" classname="com.emmanuelarhu.tests.CartsApiTest" time="7.724">
    <system-out><![CDATA[🔧 BaseTest setup completed - Base URL: https://fakestoreapi.com
🚀 Starting test execution...
📋 Testing GET /carts endpoint
HTTP/1.1 200 OK
Date: Fri, 15 Aug 2025 13:48:16 GMT
Content-Type: application/json; charset=utf-8
Transfer-Encoding: chunked
Connection: keep-alive
Access-Control-Allow-Origin: *
Etag: W/"3a8-j3C8983spvK8GpaSYa+SyYlAS2A"
X-Powered-By: Express
Cf-Cache-Status: DYNAMIC
Nel: {"report_to":"cf-nel","success_fraction":0.0,"max_age":604800}
Report-To: {"group":"cf-nel","max_age":604800,"endpoints":[{"url":"https://a.nel.cloudflare.com/report/v4?s=BjfRhvell%2FUN6l%2B2RKlLBu%2BHK8sWqTF0TrwJVBdwyF4P1iE6Y5VlzJD6VYFHwnPNr%2BhZDxFnPs8uLlfAKecmV%2B9Hr1rDRkiFYTnns7M7cL4%3D"}]}
Content-Encoding: gzip
Server: cloudflare
CF-RAY: 96f926096cd841aa-CDG
alt-svc: h3=":443"; ma=86400

[
    {
        "id": 1,
        "userId": 1,
        "date": "2020-03-02T00:00:00.000Z",
        "products": [
            {
                "productId": 1,
                "quantity": 4
            },
            {
                "productId": 2,
                "quantity": 1
            },
            {
                "productId": 3,
                "quantity": 6
            }
        ],
        "__v": 0
    },
    {
        "id": 2,
        "userId": 1,
        "date": "2020-01-02T00:00:00.000Z",
        "products": [
            {
                "productId": 2,
                "quantity": 4
            },
            {
                "productId": 1,
                "quantity": 10
            },
            {
                "productId": 5,
                "quantity": 2
            }
        ],
        "__v": 0
    },
    {
        "id": 3,
        "userId": 2,
        "date": "2020-03-01T00:00:00.000Z",
        "products": [
            {
                "productId": 1,
                "quantity": 2
            },
            {
                "productId": 9,
                "quantity": 1
            }
        ],
        "__v": 0
    },
    {
        "id": 4,
        "userId": 3,
        "date": "2020-01-01T00:00:00.000Z",
        "products": [
            {
                "productId": 1,
                "quantity": 4
            }
        ],
        "__v": 0
    },
    {
        "id": 5,
        "userId": 3,
        "date": "2020-03-01T00:00:00.000Z",
        "products": [
            {
                "productId": 7,
                "quantity": 1
            },
            {
                "productId": 8,
                "quantity": 1
            }
        ],
        "__v": 0
    },
    {
        "id": 6,
        "userId": 4,
        "date": "2020-03-01T00:00:00.000Z",
        "products": [
            {
                "productId": 10,
                "quantity": 2
            },
            {
                "productId": 12,
                "quantity": 3
            }
        ],
        "__v": 0
    },
    {
        "id": 7,
        "userId": 8,
        "date": "2020-03-01T00:00:00.000Z",
        "products": [
            {
                "productId": 18,
                "quantity": 1
            }
        ],
        "__v": 0
    }
]
]]></system-out>
    <system-err><![CDATA[[main] WARN org.testng.TestNG - Ignoring duplicate listener : io.qameta.allure.testng.AllureTestNg
[main] WARN org.testng.TestNG - Ignoring duplicate listener : io.qameta.allure.testng.AllureTestNg
[main] WARN org.testng.TestNG - Ignoring duplicate listener : io.qameta.allure.testng.AllureTestNg
]]></system-err>
  </testcase>
  <testcase name="testGetAllCartsResponseTime" classname="com.emmanuelarhu.tests.CartsApiTest" time="1.977">
    <system-out><![CDATA[🚀 Starting test execution...
📋 Testing response time for GET /carts
HTTP/1.1 200 OK
Date: Fri, 15 Aug 2025 13:48:18 GMT
Content-Type: application/json; charset=utf-8
Transfer-Encoding: chunked
Connection: keep-alive
Access-Control-Allow-Origin: *
Etag: W/"3a8-j3C8983spvK8GpaSYa+SyYlAS2A"
X-Powered-By: Express
Cf-Cache-Status: DYNAMIC
Nel: {"report_to":"cf-nel","success_fraction":0.0,"max_age":604800}
Report-To: {"group":"cf-nel","max_age":604800,"endpoints":[{"url":"https://a.nel.cloudflare.com/report/v4?s=%2BrK3hkFLRVx%2BfAlGEY0jD0aqkQ810TMh23ZZ4i5X8p4D6QFMwhSGDRfoaZ0C1ObhWn94rvKTPd42Uie9UId8ZrlR6pTfz6n9fvIEiBPHPwg%3D"}]}
Content-Encoding: gzip
Server: cloudflare
CF-RAY: 96f92617e9a7d516-CDG
alt-svc: h3=":443"; ma=86400

[
    {
        "id": 1,
        "userId": 1,
        "date": "2020-03-02T00:00:00.000Z",
        "products": [
            {
                "productId": 1,
                "quantity": 4
            },
            {
                "productId": 2,
                "quantity": 1
            },
            {
                "productId": 3,
                "quantity": 6
            }
        ],
        "__v": 0
    },
    {
        "id": 2,
        "userId": 1,
        "date": "2020-01-02T00:00:00.000Z",
        "products": [
            {
                "productId": 2,
                "quantity": 4
            },
            {
                "productId": 1,
                "quantity": 10
            },
            {
                "productId": 5,
                "quantity": 2
            }
        ],
        "__v": 0
    },
    {
        "id": 3,
        "userId": 2,
        "date": "2020-03-01T00:00:00.000Z",
        "products": [
            {
                "productId": 1,
                "quantity": 2
            },
            {
                "productId": 9,
                "quantity": 1
            }
        ],
        "__v": 0
    },
    {
        "id": 4,
        "userId": 3,
        "date": "2020-01-01T00:00:00.000Z",
        "products": [
            {
                "productId": 1,
                "quantity": 4
            }
        ],
        "__v": 0
    },
    {
        "id": 5,
        "userId": 3,
        "date": "2020-03-01T00:00:00.000Z",
        "products": [
            {
                "productId": 7,
                "quantity": 1
            },
            {
                "productId": 8,
                "quantity": 1
            }
        ],
        "__v": 0
    },
    {
        "id": 6,
        "userId": 4,
        "date": "2020-03-01T00:00:00.000Z",
        "products": [
            {
                "productId": 10,
                "quantity": 2
            },
            {
                "productId": 12,
                "quantity": 3
            }
        ],
        "__v": 0
    },
    {
        "id": 7,
        "userId": 8,
        "date": "2020-03-01T00:00:00.000Z",
        "products": [
            {
                "productId": 18,
                "quantity": 1
            }
        ],
        "__v": 0
    }
]
]]></system-out>
  </testcase>
  <testcase name="testGetSingleCartByValidId[1](1)" classname="com.emmanuelarhu.tests.CartsApiTest" time="2.716">
    <system-out><![CDATA[🚀 Starting test execution...
📋 Testing GET /carts/1
HTTP/1.1 200 OK
Date: Fri, 15 Aug 2025 13:48:19 GMT
Content-Type: application/json; charset=utf-8
Transfer-Encoding: chunked
Connection: keep-alive
Access-Control-Allow-Origin: *
Etag: W/"a1-wvAyaNKAHffOoZd5/I4wHuNFvSs"
X-Powered-By: Express
Cf-Cache-Status: DYNAMIC
Nel: {"report_to":"cf-nel","success_fraction":0.0,"max_age":604800}
Report-To: {"group":"cf-nel","max_age":604800,"endpoints":[{"url":"https://a.nel.cloudflare.com/report/v4?s=f5jDUyuUK8dKLj2y2ZGtGfnsiltzZ35DCLvJE91RR4koKSx01RW0UoVuvr9u%2Bsu6HkofZVzsyP8W%2FMEQlbNGWFuG2%2Fc5zo%2Bx4F0zUT0tZBg%3D"}]}
Content-Encoding: gzip
Server: cloudflare
CF-RAY: 96f9261eff292a4b-CDG
alt-svc: h3=":443"; ma=86400

{
    "id": 1,
    "userId": 1,
    "date": "2020-03-02T00:00:00.000Z",
    "products": [
        {
            "productId": 1,
            "quantity": 4
        },
        {
            "productId": 2,
            "quantity": 1
        },
        {
            "productId": 3,
            "quantity": 6
        }
    ],
    "__v": 0
}
]]></system-out>
  </testcase>
  <testcase name="testGetSingleCartByValidId[2](2)" classname="com.emmanuelarhu.tests.CartsApiTest" time="1.898">
    <system-out><![CDATA[🚀 Starting test execution...
📋 Testing GET /carts/2
HTTP/1.1 200 OK
Date: Fri, 15 Aug 2025 13:48:23 GMT
Content-Type: application/json; charset=utf-8
Transfer-Encoding: chunked
Connection: keep-alive
Access-Control-Allow-Origin: *
Etag: W/"a2-iVKAFZNDVn5u19OI7Bz+kha8xjg"
X-Powered-By: Express
Cf-Cache-Status: DYNAMIC
Nel: {"report_to":"cf-nel","success_fraction":0.0,"max_age":604800}
Report-To: {"group":"cf-nel","max_age":604800,"endpoints":[{"url":"https://a.nel.cloudflare.com/report/v4?s=SAHIccxi1IH2SsLBMlwwtpymdjYtbRoKWLXrZ5wcwxgRYNmS5sW7yYnWUfJ5eG6Bow9y0%2BmMXXLP0XoRIu9xobJMeRgjl7rA4ekYJr9mnKc%3D"}]}
Content-Encoding: gzip
Server: cloudflare
CF-RAY: 96f92637ddc79ed7-CDG
alt-svc: h3=":443"; ma=86400

{
    "id": 2,
    "userId": 1,
    "date": "2020-01-02T00:00:00.000Z",
    "products": [
        {
            "productId": 2,
            "quantity": 4
        },
        {
            "productId": 1,
            "quantity": 10
        },
        {
            "productId": 5,
            "quantity": 2
        }
    ],
    "__v": 0
}
]]></system-out>
  </testcase>
  <testcase name="testGetSingleCartByValidId[3](3)" classname="com.emmanuelarhu.tests.CartsApiTest" time="1.026">
    <system-out><![CDATA[🚀 Starting test execution...
📋 Testing GET /carts/3
HTTP/1.1 200 OK
Date: Fri, 15 Aug 2025 13:48:25 GMT
Content-Type: application/json; charset=utf-8
Transfer-Encoding: chunked
Connection: keep-alive
Access-Control-Allow-Origin: *
Etag: W/"84-nO023dX63UM9FxrLcCohTbjP6QY"
X-Powered-By: Express
Cf-Cache-Status: DYNAMIC
Nel: {"report_to":"cf-nel","success_fraction":0.0,"max_age":604800}
Report-To: {"group":"cf-nel","max_age":604800,"endpoints":[{"url":"https://a.nel.cloudflare.com/report/v4?s=Mg08MrK7SGbHEeJxelMaxZBRZtitxLzPAeeME3lJaYAHYDyY5sWhp6D%2F7dY17Dc2LhoMn26ndzAoU5csIvvq9UH1m%2FNIF3zJPOR083MQ"}]}
Content-Encoding: gzip
Server: cloudflare
CF-RAY: 96f9263f2f591542-CDG
alt-svc: h3=":443"; ma=86400

{
    "id": 3,
    "userId": 2,
    "date": "2020-03-01T00:00:00.000Z",
    "products": [
        {
            "productId": 1,
            "quantity": 2
        },
        {
            "productId": 9,
            "quantity": 1
        }
    ],
    "__v": 0
}
]]></system-out>
  </testcase>
  <testcase name="testGetSingleCartByValidId[4](4)" classname="com.emmanuelarhu.tests.CartsApiTest" time="0.926">
    <system-out><![CDATA[🚀 Starting test execution...
📋 Testing GET /carts/4
HTTP/1.1 200 OK
Date: Fri, 15 Aug 2025 13:48:25 GMT
Content-Type: application/json; charset=utf-8
Transfer-Encoding: chunked
Connection: keep-alive
Access-Control-Allow-Origin: *
Etag: W/"67-qDraWt0t3uAhQMOv3/JJcEL5BW4"
X-Powered-By: Express
Cf-Cache-Status: DYNAMIC
Nel: {"report_to":"cf-nel","success_fraction":0.0,"max_age":604800}
Report-To: {"group":"cf-nel","max_age":604800,"endpoints":[{"url":"https://a.nel.cloudflare.com/report/v4?s=yug9BXI%2FvLoW41rytNw1lnCzr2wJWUyapMATcYe%2F78bkqz1TuY3w02%2FrJiKRL3hTa816885o9R2XymcA8lg7Vtqcey6QZoX4uMI8bplWdYM%3D"}]}
Content-Encoding: gzip
Server: cloudflare
CF-RAY: 96f9264539d92291-CDG
alt-svc: h3=":443"; ma=86400

{
    "id": 4,
    "userId": 3,
    "date": "2020-01-01T00:00:00.000Z",
    "products": [
        {
            "productId": 1,
            "quantity": 4
        }
    ],
    "__v": 0
}
]]></system-out>
  </testcase>
  <testcase name="testGetSingleCartByValidId[5](5)" classname="com.emmanuelarhu.tests.CartsApiTest" time="0.977">
    <system-out><![CDATA[🚀 Starting test execution...
📋 Testing GET /carts/5
HTTP/1.1 200 OK
Date: Fri, 15 Aug 2025 13:48:27 GMT
Content-Type: application/json; charset=utf-8
Transfer-Encoding: chunked
Connection: keep-alive
Access-Control-Allow-Origin: *
Etag: W/"84-gdIyDDM4F2vHdbWZQxEVv0T8aPA"
X-Powered-By: Express
Cf-Cache-Status: DYNAMIC
Nel: {"report_to":"cf-nel","success_fraction":0.0,"max_age":604800}
Report-To: {"group":"cf-nel","max_age":604800,"endpoints":[{"url":"https://a.nel.cloudflare.com/report/v4?s=M1WmNZkvjRZlR1fZe1yzhN%2F9Irccvg2ID4tP49bTeeWanj%2Bdd7LXGztWT80rEGhxCtsCbHtHxnnfYRZbTpt9GYZxCPKf7h3ybCk3nXXnolA%3D"}]}
Content-Encoding: gzip
Server: cloudflare
CF-RAY: 96f9264be801e74e-CDG
alt-svc: h3=":443"; ma=86400

{
    "id": 5,
    "userId": 3,
    "date": "2020-03-01T00:00:00.000Z",
    "products": [
        {
            "productId": 7,
            "quantity": 1
        },
        {
            "productId": 8,
            "quantity": 1
        }
    ],
    "__v": 0
}
]]></system-out>
  </testcase>
  <testcase name="testGetSingleCartByInvalidId[-1](1)" classname="com.emmanuelarhu.tests.CartsApiTest" time="0.926">
    <failure message="1 expectation failed.&#10;Expected status code (&lt;400&gt; or &lt;404&gt; or &lt;403&gt;) but was &lt;200&gt;.&#10;" type="java.lang.AssertionError"><![CDATA[java.lang.AssertionError: 
1 expectation failed.
Expected status code (<400> or <404> or <403>) but was <200>.

	at java.base/jdk.internal.reflect.DirectConstructorHandleAccessor.newInstance(DirectConstructorHandleAccessor.java:62)
	at java.base/java.lang.reflect.Constructor.newInstanceWithCaller(Constructor.java:502)
	at java.base/java.lang.reflect.Constructor.newInstance(Constructor.java:486)
	at org.codehaus.groovy.reflection.CachedConstructor.invoke(CachedConstructor.java:73)
	at org.codehaus.groovy.runtime.callsite.ConstructorSite$ConstructorSiteNoUnwrapNoCoerce.callConstructor(ConstructorSite.java:108)
	at org.codehaus.groovy.runtime.callsite.CallSiteArray.defaultCallConstructor(CallSiteArray.java:57)
	at org.codehaus.groovy.runtime.callsite.AbstractCallSite.callConstructor(AbstractCallSite.java:263)
	at org.codehaus.groovy.runtime.callsite.AbstractCallSite.callConstructor(AbstractCallSite.java:277)
	at io.restassured.internal.ResponseSpecificationImpl$HamcrestAssertionClosure.validate(ResponseSpecificationImpl.groovy:512)
	at io.restassured.internal.ResponseSpecificationImpl$HamcrestAssertionClosure$validate$1.call(Unknown Source)
	at io.restassured.internal.ResponseSpecificationImpl.validateResponseIfRequired(ResponseSpecificationImpl.groovy:696)
	at io.restassured.internal.ResponseSpecificationImpl.this$2$validateResponseIfRequired(ResponseSpecificationImpl.groovy)
	at java.base/jdk.internal.reflect.DirectMethodHandleAccessor.invoke(DirectMethodHandleAccessor.java:103)
	at java.base/java.lang.reflect.Method.invoke(Method.java:580)
	at org.codehaus.groovy.runtime.callsite.PlainObjectMetaMethodSite.doInvoke(PlainObjectMetaMethodSite.java:43)
	at org.codehaus.groovy.runtime.callsite.PogoMetaMethodSite$PogoCachedMethodSiteNoUnwrapNoCoerce.invoke(PogoMetaMethodSite.java:198)
	at org.codehaus.groovy.runtime.callsite.PogoMetaMethodSite.callCurrent(PogoMetaMethodSite.java:62)
	at org.codehaus.groovy.runtime.callsite.AbstractCallSite.callCurrent(AbstractCallSite.java:185)
	at io.restassured.internal.ResponseSpecificationImpl.statusCode(ResponseSpecificationImpl.groovy:135)
	at io.restassured.internal.ValidatableResponseOptionsImpl.statusCode(ValidatableResponseOptionsImpl.java:84)
	at com.emmanuelarhu.tests.CartsApiTest.testGetSingleCartByInvalidId(CartsApiTest.java:105)
	at java.base/jdk.internal.reflect.DirectMethodHandleAccessor.invoke(DirectMethodHandleAccessor.java:103)
	at java.base/java.lang.reflect.Method.invoke(Method.java:580)
	at org.testng.internal.invokers.MethodInvocationHelper.invokeMethod(MethodInvocationHelper.java:139)
	at org.testng.internal.invokers.TestInvoker.invokeMethod(TestInvoker.java:664)
	at org.testng.internal.invokers.TestInvoker.invokeTestMethod(TestInvoker.java:227)
	at org.testng.internal.invokers.MethodRunner.runInSequence(MethodRunner.java:50)
	at org.testng.internal.invokers.TestInvoker$MethodInvocationAgent.invoke(TestInvoker.java:957)
	at org.testng.internal.invokers.TestInvoker.invokeTestMethods(TestInvoker.java:200)
	at org.testng.internal.invokers.TestMethodWorker.invokeTestMethods(TestMethodWorker.java:148)
	at org.testng.internal.invokers.TestMethodWorker.run(TestMethodWorker.java:128)
	at java.base/java.util.ArrayList.forEach(ArrayList.java:1596)
	at org.testng.TestRunner.privateRun(TestRunner.java:848)
	at org.testng.TestRunner.run(TestRunner.java:621)
	at org.testng.SuiteRunner.runTest(SuiteRunner.java:443)
	at org.testng.SuiteRunner.runSequentially(SuiteRunner.java:437)
	at org.testng.SuiteRunner.privateRun(SuiteRunner.java:397)
	at org.testng.SuiteRunner.run(SuiteRunner.java:336)
	at org.testng.SuiteRunnerWorker.runSuite(SuiteRunnerWorker.java:52)
	at org.testng.SuiteRunnerWorker.run(SuiteRunnerWorker.java:95)
	at org.testng.TestNG.runSuitesSequentially(TestNG.java:1280)
	at org.testng.TestNG.runSuitesLocally(TestNG.java:1200)
	at org.testng.TestNG.runSuites(TestNG.java:1114)
	at org.testng.TestNG.run(TestNG.java:1082)
	at org.apache.maven.surefire.testng.TestNGExecutor.run(TestNGExecutor.java:155)
	at org.apache.maven.surefire.testng.TestNGDirectoryTestSuite.executeMulti(TestNGDirectoryTestSuite.java:169)
	at org.apache.maven.surefire.testng.TestNGDirectoryTestSuite.execute(TestNGDirectoryTestSuite.java:88)
	at org.apache.maven.surefire.testng.TestNGProvider.invoke(TestNGProvider.java:137)
	at org.apache.maven.surefire.booter.ForkedBooter.runSuitesInProcess(ForkedBooter.java:385)
	at org.apache.maven.surefire.booter.ForkedBooter.execute(ForkedBooter.java:162)
	at org.apache.maven.surefire.booter.ForkedBooter.run(ForkedBooter.java:507)
	at org.apache.maven.surefire.booter.ForkedBooter.main(ForkedBooter.java:495)
]]></failure>
    <system-out><![CDATA[🚀 Starting test execution...
📋 Testing GET /carts/-1 (invalid ID)
]]></system-out>
  </testcase>
  <testcase name="testGetSingleCartByInvalidId[0](2)" classname="com.emmanuelarhu.tests.CartsApiTest" time="1.91">
    <failure message="1 expectation failed.&#10;Expected status code (&lt;400&gt; or &lt;404&gt; or &lt;403&gt;) but was &lt;200&gt;.&#10;" type="java.lang.AssertionError"><![CDATA[java.lang.AssertionError: 
1 expectation failed.
Expected status code (<400> or <404> or <403>) but was <200>.

	at java.base/jdk.internal.reflect.DirectConstructorHandleAccessor.newInstance(DirectConstructorHandleAccessor.java:62)
	at java.base/java.lang.reflect.Constructor.newInstanceWithCaller(Constructor.java:502)
	at java.base/java.lang.reflect.Constructor.newInstance(Constructor.java:486)
	at org.codehaus.groovy.reflection.CachedConstructor.invoke(CachedConstructor.java:73)
	at org.codehaus.groovy.runtime.callsite.ConstructorSite$ConstructorSiteNoUnwrapNoCoerce.callConstructor(ConstructorSite.java:108)
	at org.codehaus.groovy.runtime.callsite.AbstractCallSite.callConstructor(AbstractCallSite.java:277)
	at io.restassured.internal.ResponseSpecificationImpl$HamcrestAssertionClosure.validate(ResponseSpecificationImpl.groovy:512)
	at io.restassured.internal.ResponseSpecificationImpl$HamcrestAssertionClosure$validate$1.call(Unknown Source)
	at io.restassured.internal.ResponseSpecificationImpl.validateResponseIfRequired(ResponseSpecificationImpl.groovy:696)
	at io.restassured.internal.ResponseSpecificationImpl.this$2$validateResponseIfRequired(ResponseSpecificationImpl.groovy)
	at java.base/jdk.internal.reflect.DirectMethodHandleAccessor.invoke(DirectMethodHandleAccessor.java:103)
	at java.base/java.lang.reflect.Method.invoke(Method.java:580)
	at org.codehaus.groovy.runtime.callsite.PlainObjectMetaMethodSite.doInvoke(PlainObjectMetaMethodSite.java:43)
	at org.codehaus.groovy.runtime.callsite.PogoMetaMethodSite$PogoCachedMethodSiteNoUnwrapNoCoerce.invoke(PogoMetaMethodSite.java:198)
	at org.codehaus.groovy.runtime.callsite.PogoMetaMethodSite.callCurrent(PogoMetaMethodSite.java:62)
	at org.codehaus.groovy.runtime.callsite.AbstractCallSite.callCurrent(AbstractCallSite.java:185)
	at io.restassured.internal.ResponseSpecificationImpl.statusCode(ResponseSpecificationImpl.groovy:135)
	at io.restassured.internal.ValidatableResponseOptionsImpl.statusCode(ValidatableResponseOptionsImpl.java:84)
	at com.emmanuelarhu.tests.CartsApiTest.testGetSingleCartByInvalidId(CartsApiTest.java:105)
	at java.base/jdk.internal.reflect.DirectMethodHandleAccessor.invoke(DirectMethodHandleAccessor.java:103)
	at java.base/java.lang.reflect.Method.invoke(Method.java:580)
	at org.testng.internal.invokers.MethodInvocationHelper.invokeMethod(MethodInvocationHelper.java:139)
	at org.testng.internal.invokers.TestInvoker.invokeMethod(TestInvoker.java:664)
	at org.testng.internal.invokers.TestInvoker.invokeTestMethod(TestInvoker.java:227)
	at org.testng.internal.invokers.MethodRunner.runInSequence(MethodRunner.java:50)
	at org.testng.internal.invokers.TestInvoker$MethodInvocationAgent.invoke(TestInvoker.java:957)
	at org.testng.internal.invokers.TestInvoker.invokeTestMethods(TestInvoker.java:200)
	at org.testng.internal.invokers.TestMethodWorker.invokeTestMethods(TestMethodWorker.java:148)
	at org.testng.internal.invokers.TestMethodWorker.run(TestMethodWorker.java:128)
	at java.base/java.util.ArrayList.forEach(ArrayList.java:1596)
	at org.testng.TestRunner.privateRun(TestRunner.java:848)
	at org.testng.TestRunner.run(TestRunner.java:621)
	at org.testng.SuiteRunner.runTest(SuiteRunner.java:443)
	at org.testng.SuiteRunner.runSequentially(SuiteRunner.java:437)
	at org.testng.SuiteRunner.privateRun(SuiteRunner.java:397)
	at org.testng.SuiteRunner.run(SuiteRunner.java:336)
	at org.testng.SuiteRunnerWorker.runSuite(SuiteRunnerWorker.java:52)
	at org.testng.SuiteRunnerWorker.run(SuiteRunnerWorker.java:95)
	at org.testng.TestNG.runSuitesSequentially(TestNG.java:1280)
	at org.testng.TestNG.runSuitesLocally(TestNG.java:1200)
	at org.testng.TestNG.runSuites(TestNG.java:1114)
	at org.testng.TestNG.run(TestNG.java:1082)
	at org.apache.maven.surefire.testng.TestNGExecutor.run(TestNGExecutor.java:155)
	at org.apache.maven.surefire.testng.TestNGDirectoryTestSuite.executeMulti(TestNGDirectoryTestSuite.java:169)
	at org.apache.maven.surefire.testng.TestNGDirectoryTestSuite.execute(TestNGDirectoryTestSuite.java:88)
	at org.apache.maven.surefire.testng.TestNGProvider.invoke(TestNGProvider.java:137)
	at org.apache.maven.surefire.booter.ForkedBooter.runSuitesInProcess(ForkedBooter.java:385)
	at org.apache.maven.surefire.booter.ForkedBooter.execute(ForkedBooter.java:162)
	at org.apache.maven.surefire.booter.ForkedBooter.run(ForkedBooter.java:507)
	at org.apache.maven.surefire.booter.ForkedBooter.main(ForkedBooter.java:495)
]]></failure>
    <system-out><![CDATA[🚀 Starting test execution...
📋 Testing GET /carts/0 (invalid ID)
]]></system-out>
  </testcase>
  <testcase name="testGetSingleCartByInvalidId[999](3)" classname="com.emmanuelarhu.tests.CartsApiTest" time="1.045">
    <failure message="1 expectation failed.&#10;Expected status code (&lt;400&gt; or &lt;404&gt; or &lt;403&gt;) but was &lt;200&gt;.&#10;" type="java.lang.AssertionError"><![CDATA[java.lang.AssertionError: 
1 expectation failed.
Expected status code (<400> or <404> or <403>) but was <200>.

	at java.base/jdk.internal.reflect.DirectConstructorHandleAccessor.newInstance(DirectConstructorHandleAccessor.java:62)
	at java.base/java.lang.reflect.Constructor.newInstanceWithCaller(Constructor.java:502)
	at java.base/java.lang.reflect.Constructor.newInstance(Constructor.java:486)
	at org.codehaus.groovy.reflection.CachedConstructor.invoke(CachedConstructor.java:73)
	at org.codehaus.groovy.runtime.callsite.ConstructorSite$ConstructorSiteNoUnwrapNoCoerce.callConstructor(ConstructorSite.java:108)
	at org.codehaus.groovy.runtime.callsite.AbstractCallSite.callConstructor(AbstractCallSite.java:277)
	at io.restassured.internal.ResponseSpecificationImpl$HamcrestAssertionClosure.validate(ResponseSpecificationImpl.groovy:512)
	at io.restassured.internal.ResponseSpecificationImpl$HamcrestAssertionClosure$validate$1.call(Unknown Source)
	at io.restassured.internal.ResponseSpecificationImpl.validateResponseIfRequired(ResponseSpecificationImpl.groovy:696)
	at io.restassured.internal.ResponseSpecificationImpl.this$2$validateResponseIfRequired(ResponseSpecificationImpl.groovy)
	at java.base/jdk.internal.reflect.DirectMethodHandleAccessor.invoke(DirectMethodHandleAccessor.java:103)
	at java.base/java.lang.reflect.Method.invoke(Method.java:580)
	at org.codehaus.groovy.runtime.callsite.PlainObjectMetaMethodSite.doInvoke(PlainObjectMetaMethodSite.java:43)
	at org.codehaus.groovy.runtime.callsite.PogoMetaMethodSite$PogoCachedMethodSiteNoUnwrapNoCoerce.invoke(PogoMetaMethodSite.java:198)
	at org.codehaus.groovy.runtime.callsite.PogoMetaMethodSite.callCurrent(PogoMetaMethodSite.java:62)
	at org.codehaus.groovy.runtime.callsite.AbstractCallSite.callCurrent(AbstractCallSite.java:185)
	at io.restassured.internal.ResponseSpecificationImpl.statusCode(ResponseSpecificationImpl.groovy:135)
	at io.restassured.internal.ValidatableResponseOptionsImpl.statusCode(ValidatableResponseOptionsImpl.java:84)
	at com.emmanuelarhu.tests.CartsApiTest.testGetSingleCartByInvalidId(CartsApiTest.java:105)
	at java.base/jdk.internal.reflect.DirectMethodHandleAccessor.invoke(DirectMethodHandleAccessor.java:103)
	at java.base/java.lang.reflect.Method.invoke(Method.java:580)
	at org.testng.internal.invokers.MethodInvocationHelper.invokeMethod(MethodInvocationHelper.java:139)
	at org.testng.internal.invokers.TestInvoker.invokeMethod(TestInvoker.java:664)
	at org.testng.internal.invokers.TestInvoker.invokeTestMethod(TestInvoker.java:227)
	at org.testng.internal.invokers.MethodRunner.runInSequence(MethodRunner.java:50)
	at org.testng.internal.invokers.TestInvoker$MethodInvocationAgent.invoke(TestInvoker.java:957)
	at org.testng.internal.invokers.TestInvoker.invokeTestMethods(TestInvoker.java:200)
	at org.testng.internal.invokers.TestMethodWorker.invokeTestMethods(TestMethodWorker.java:148)
	at org.testng.internal.invokers.TestMethodWorker.run(TestMethodWorker.java:128)
	at java.base/java.util.ArrayList.forEach(ArrayList.java:1596)
	at org.testng.TestRunner.privateRun(TestRunner.java:848)
	at org.testng.TestRunner.run(TestRunner.java:621)
	at org.testng.SuiteRunner.runTest(SuiteRunner.java:443)
	at org.testng.SuiteRunner.runSequentially(SuiteRunner.java:437)
	at org.testng.SuiteRunner.privateRun(SuiteRunner.java:397)
	at org.testng.SuiteRunner.run(SuiteRunner.java:336)
	at org.testng.SuiteRunnerWorker.runSuite(SuiteRunnerWorker.java:52)
	at org.testng.SuiteRunnerWorker.run(SuiteRunnerWorker.java:95)
	at org.testng.TestNG.runSuitesSequentially(TestNG.java:1280)
	at org.testng.TestNG.runSuitesLocally(TestNG.java:1200)
	at org.testng.TestNG.runSuites(TestNG.java:1114)
	at org.testng.TestNG.run(TestNG.java:1082)
	at org.apache.maven.surefire.testng.TestNGExecutor.run(TestNGExecutor.java:155)
	at org.apache.maven.surefire.testng.TestNGDirectoryTestSuite.executeMulti(TestNGDirectoryTestSuite.java:169)
	at org.apache.maven.surefire.testng.TestNGDirectoryTestSuite.execute(TestNGDirectoryTestSuite.java:88)
	at org.apache.maven.surefire.testng.TestNGProvider.invoke(TestNGProvider.java:137)
	at org.apache.maven.surefire.booter.ForkedBooter.runSuitesInProcess(ForkedBooter.java:385)
	at org.apache.maven.surefire.booter.ForkedBooter.execute(ForkedBooter.java:162)
	at org.apache.maven.surefire.booter.ForkedBooter.run(ForkedBooter.java:507)
	at org.apache.maven.surefire.booter.ForkedBooter.main(ForkedBooter.java:495)
]]></failure>
    <system-out><![CDATA[🚀 Starting test execution...
📋 Testing GET /carts/999 (invalid ID)
]]></system-out>
  </testcase>
  <testcase name="testGetSingleCartByInvalidId[1000](4)" classname="com.emmanuelarhu.tests.CartsApiTest" time="0.809">
    <failure message="1 expectation failed.&#10;Expected status code (&lt;400&gt; or &lt;404&gt; or &lt;403&gt;) but was &lt;200&gt;.&#10;" type="java.lang.AssertionError"><![CDATA[java.lang.AssertionError: 
1 expectation failed.
Expected status code (<400> or <404> or <403>) but was <200>.

	at java.base/jdk.internal.reflect.DirectConstructorHandleAccessor.newInstance(DirectConstructorHandleAccessor.java:62)
	at java.base/java.lang.reflect.Constructor.newInstanceWithCaller(Constructor.java:502)
	at java.base/java.lang.reflect.Constructor.newInstance(Constructor.java:486)
	at org.codehaus.groovy.reflection.CachedConstructor.invoke(CachedConstructor.java:73)
	at org.codehaus.groovy.runtime.callsite.ConstructorSite$ConstructorSiteNoUnwrapNoCoerce.callConstructor(ConstructorSite.java:108)
	at org.codehaus.groovy.runtime.callsite.AbstractCallSite.callConstructor(AbstractCallSite.java:277)
	at io.restassured.internal.ResponseSpecificationImpl$HamcrestAssertionClosure.validate(ResponseSpecificationImpl.groovy:512)
	at io.restassured.internal.ResponseSpecificationImpl$HamcrestAssertionClosure$validate$1.call(Unknown Source)
	at io.restassured.internal.ResponseSpecificationImpl.validateResponseIfRequired(ResponseSpecificationImpl.groovy:696)
	at io.restassured.internal.ResponseSpecificationImpl.this$2$validateResponseIfRequired(ResponseSpecificationImpl.groovy)
	at java.base/jdk.internal.reflect.DirectMethodHandleAccessor.invoke(DirectMethodHandleAccessor.java:103)
	at java.base/java.lang.reflect.Method.invoke(Method.java:580)
	at org.codehaus.groovy.runtime.callsite.PlainObjectMetaMethodSite.doInvoke(PlainObjectMetaMethodSite.java:43)
	at org.codehaus.groovy.runtime.callsite.PogoMetaMethodSite$PogoCachedMethodSiteNoUnwrapNoCoerce.invoke(PogoMetaMethodSite.java:198)
	at org.codehaus.groovy.runtime.callsite.PogoMetaMethodSite.callCurrent(PogoMetaMethodSite.java:62)
	at org.codehaus.groovy.runtime.callsite.AbstractCallSite.callCurrent(AbstractCallSite.java:185)
	at io.restassured.internal.ResponseSpecificationImpl.statusCode(ResponseSpecificationImpl.groovy:135)
	at io.restassured.internal.ValidatableResponseOptionsImpl.statusCode(ValidatableResponseOptionsImpl.java:84)
	at com.emmanuelarhu.tests.CartsApiTest.testGetSingleCartByInvalidId(CartsApiTest.java:105)
	at java.base/jdk.internal.reflect.DirectMethodHandleAccessor.invoke(DirectMethodHandleAccessor.java:103)
	at java.base/java.lang.reflect.Method.invoke(Method.java:580)
	at org.testng.internal.invokers.MethodInvocationHelper.invokeMethod(MethodInvocationHelper.java:139)
	at org.testng.internal.invokers.TestInvoker.invokeMethod(TestInvoker.java:664)
	at org.testng.internal.invokers.TestInvoker.invokeTestMethod(TestInvoker.java:227)
	at org.testng.internal.invokers.MethodRunner.runInSequence(MethodRunner.java:50)
	at org.testng.internal.invokers.TestInvoker$MethodInvocationAgent.invoke(TestInvoker.java:957)
	at org.testng.internal.invokers.TestInvoker.invokeTestMethods(TestInvoker.java:200)
	at org.testng.internal.invokers.TestMethodWorker.invokeTestMethods(TestMethodWorker.java:148)
	at org.testng.internal.invokers.TestMethodWorker.run(TestMethodWorker.java:128)
	at java.base/java.util.ArrayList.forEach(ArrayList.java:1596)
	at org.testng.TestRunner.privateRun(TestRunner.java:848)
	at org.testng.TestRunner.run(TestRunner.java:621)
	at org.testng.SuiteRunner.runTest(SuiteRunner.java:443)
	at org.testng.SuiteRunner.runSequentially(SuiteRunner.java:437)
	at org.testng.SuiteRunner.privateRun(SuiteRunner.java:397)
	at org.testng.SuiteRunner.run(SuiteRunner.java:336)
	at org.testng.SuiteRunnerWorker.runSuite(SuiteRunnerWorker.java:52)
	at org.testng.SuiteRunnerWorker.run(SuiteRunnerWorker.java:95)
	at org.testng.TestNG.runSuitesSequentially(TestNG.java:1280)
	at org.testng.TestNG.runSuitesLocally(TestNG.java:1200)
	at org.testng.TestNG.runSuites(TestNG.java:1114)
	at org.testng.TestNG.run(TestNG.java:1082)
	at org.apache.maven.surefire.testng.TestNGExecutor.run(TestNGExecutor.java:155)
	at org.apache.maven.surefire.testng.TestNGDirectoryTestSuite.executeMulti(TestNGDirectoryTestSuite.java:169)
	at org.apache.maven.surefire.testng.TestNGDirectoryTestSuite.execute(TestNGDirectoryTestSuite.java:88)
	at org.apache.maven.surefire.testng.TestNGProvider.invoke(TestNGProvider.java:137)
	at org.apache.maven.surefire.booter.ForkedBooter.runSuitesInProcess(ForkedBooter.java:385)
	at org.apache.maven.surefire.booter.ForkedBooter.execute(ForkedBooter.java:162)
	at org.apache.maven.surefire.booter.ForkedBooter.run(ForkedBooter.java:507)
	at org.apache.maven.surefire.booter.ForkedBooter.main(ForkedBooter.java:495)
]]></failure>
    <system-out><![CDATA[🚀 Starting test execution...
📋 Testing GET /carts/1000 (invalid ID)
]]></system-out>
  </testcase>
  <testcase name="testGetSingleCartByInvalidId[9999](5)" classname="com.emmanuelarhu.tests.CartsApiTest" time="0.846">
    <failure message="1 expectation failed.&#10;Expected status code (&lt;400&gt; or &lt;404&gt; or &lt;403&gt;) but was &lt;200&gt;.&#10;" type="java.lang.AssertionError"><![CDATA[java.lang.AssertionError: 
1 expectation failed.
Expected status code (<400> or <404> or <403>) but was <200>.

	at java.base/jdk.internal.reflect.DirectConstructorHandleAccessor.newInstance(DirectConstructorHandleAccessor.java:62)
	at java.base/java.lang.reflect.Constructor.newInstanceWithCaller(Constructor.java:502)
	at java.base/java.lang.reflect.Constructor.newInstance(Constructor.java:486)
	at org.codehaus.groovy.reflection.CachedConstructor.invoke(CachedConstructor.java:73)
	at org.codehaus.groovy.runtime.callsite.ConstructorSite$ConstructorSiteNoUnwrapNoCoerce.callConstructor(ConstructorSite.java:108)
	at org.codehaus.groovy.runtime.callsite.AbstractCallSite.callConstructor(AbstractCallSite.java:277)
	at io.restassured.internal.ResponseSpecificationImpl$HamcrestAssertionClosure.validate(ResponseSpecificationImpl.groovy:512)
	at io.restassured.internal.ResponseSpecificationImpl$HamcrestAssertionClosure$validate$1.call(Unknown Source)
	at io.restassured.internal.ResponseSpecificationImpl.validateResponseIfRequired(ResponseSpecificationImpl.groovy:696)
	at io.restassured.internal.ResponseSpecificationImpl.this$2$validateResponseIfRequired(ResponseSpecificationImpl.groovy)
	at java.base/jdk.internal.reflect.DirectMethodHandleAccessor.invoke(DirectMethodHandleAccessor.java:103)
	at java.base/java.lang.reflect.Method.invoke(Method.java:580)
	at org.codehaus.groovy.runtime.callsite.PlainObjectMetaMethodSite.doInvoke(PlainObjectMetaMethodSite.java:43)
	at org.codehaus.groovy.runtime.callsite.PogoMetaMethodSite$PogoCachedMethodSiteNoUnwrapNoCoerce.invoke(PogoMetaMethodSite.java:198)
	at org.codehaus.groovy.runtime.callsite.PogoMetaMethodSite.callCurrent(PogoMetaMethodSite.java:62)
	at org.codehaus.groovy.runtime.callsite.AbstractCallSite.callCurrent(AbstractCallSite.java:185)
	at io.restassured.internal.ResponseSpecificationImpl.statusCode(ResponseSpecificationImpl.groovy:135)
	at io.restassured.internal.ValidatableResponseOptionsImpl.statusCode(ValidatableResponseOptionsImpl.java:84)
	at com.emmanuelarhu.tests.CartsApiTest.testGetSingleCartByInvalidId(CartsApiTest.java:105)
	at java.base/jdk.internal.reflect.DirectMethodHandleAccessor.invoke(DirectMethodHandleAccessor.java:103)
	at java.base/java.lang.reflect.Method.invoke(Method.java:580)
	at org.testng.internal.invokers.MethodInvocationHelper.invokeMethod(MethodInvocationHelper.java:139)
	at org.testng.internal.invokers.TestInvoker.invokeMethod(TestInvoker.java:664)
	at org.testng.internal.invokers.TestInvoker.invokeTestMethod(TestInvoker.java:227)
	at org.testng.internal.invokers.MethodRunner.runInSequence(MethodRunner.java:50)
	at org.testng.internal.invokers.TestInvoker$MethodInvocationAgent.invoke(TestInvoker.java:957)
	at org.testng.internal.invokers.TestInvoker.invokeTestMethods(TestInvoker.java:200)
	at org.testng.internal.invokers.TestMethodWorker.invokeTestMethods(TestMethodWorker.java:148)
	at org.testng.internal.invokers.TestMethodWorker.run(TestMethodWorker.java:128)
	at java.base/java.util.ArrayList.forEach(ArrayList.java:1596)
	at org.testng.TestRunner.privateRun(TestRunner.java:848)
	at org.testng.TestRunner.run(TestRunner.java:621)
	at org.testng.SuiteRunner.runTest(SuiteRunner.java:443)
	at org.testng.SuiteRunner.runSequentially(SuiteRunner.java:437)
	at org.testng.SuiteRunner.privateRun(SuiteRunner.java:397)
	at org.testng.SuiteRunner.run(SuiteRunner.java:336)
	at org.testng.SuiteRunnerWorker.runSuite(SuiteRunnerWorker.java:52)
	at org.testng.SuiteRunnerWorker.run(SuiteRunnerWorker.java:95)
	at org.testng.TestNG.runSuitesSequentially(TestNG.java:1280)
	at org.testng.TestNG.runSuitesLocally(TestNG.java:1200)
	at org.testng.TestNG.runSuites(TestNG.java:1114)
	at org.testng.TestNG.run(TestNG.java:1082)
	at org.apache.maven.surefire.testng.TestNGExecutor.run(TestNGExecutor.java:155)
	at org.apache.maven.surefire.testng.TestNGDirectoryTestSuite.executeMulti(TestNGDirectoryTestSuite.java:169)
	at org.apache.maven.surefire.testng.TestNGDirectoryTestSuite.execute(TestNGDirectoryTestSuite.java:88)
	at org.apache.maven.surefire.testng.TestNGProvider.invoke(TestNGProvider.java:137)
	at org.apache.maven.surefire.booter.ForkedBooter.runSuitesInProcess(ForkedBooter.java:385)
	at org.apache.maven.surefire.booter.ForkedBooter.execute(ForkedBooter.java:162)
	at org.apache.maven.surefire.booter.ForkedBooter.run(ForkedBooter.java:507)
	at org.apache.maven.surefire.booter.ForkedBooter.main(ForkedBooter.java:495)
]]></failure>
    <system-out><![CDATA[🚀 Starting test execution...
📋 Testing GET /carts/9999 (invalid ID)
]]></system-out>
  </testcase>
  <testcase name="testGetSingleCartByInvalidId[2147483647](6)" classname="com.emmanuelarhu.tests.CartsApiTest" time="0.979">
    <failure message="1 expectation failed.&#10;Expected status code (&lt;400&gt; or &lt;404&gt; or &lt;403&gt;) but was &lt;200&gt;.&#10;" type="java.lang.AssertionError"><![CDATA[java.lang.AssertionError: 
1 expectation failed.
Expected status code (<400> or <404> or <403>) but was <200>.

	at java.base/jdk.internal.reflect.DirectConstructorHandleAccessor.newInstance(DirectConstructorHandleAccessor.java:62)
	at java.base/java.lang.reflect.Constructor.newInstanceWithCaller(Constructor.java:502)
	at java.base/java.lang.reflect.Constructor.newInstance(Constructor.java:486)
	at org.codehaus.groovy.reflection.CachedConstructor.invoke(CachedConstructor.java:73)
	at org.codehaus.groovy.runtime.callsite.ConstructorSite$ConstructorSiteNoUnwrapNoCoerce.callConstructor(ConstructorSite.java:108)
	at org.codehaus.groovy.runtime.callsite.AbstractCallSite.callConstructor(AbstractCallSite.java:277)
	at io.restassured.internal.ResponseSpecificationImpl$HamcrestAssertionClosure.validate(ResponseSpecificationImpl.groovy:512)
	at io.restassured.internal.ResponseSpecificationImpl$HamcrestAssertionClosure$validate$1.call(Unknown Source)
	at io.restassured.internal.ResponseSpecificationImpl.validateResponseIfRequired(ResponseSpecificationImpl.groovy:696)
	at io.restassured.internal.ResponseSpecificationImpl.this$2$validateResponseIfRequired(ResponseSpecificationImpl.groovy)
	at java.base/jdk.internal.reflect.DirectMethodHandleAccessor.invoke(DirectMethodHandleAccessor.java:103)
	at java.base/java.lang.reflect.Method.invoke(Method.java:580)
	at org.codehaus.groovy.runtime.callsite.PlainObjectMetaMethodSite.doInvoke(PlainObjectMetaMethodSite.java:43)
	at org.codehaus.groovy.runtime.callsite.PogoMetaMethodSite$PogoCachedMethodSiteNoUnwrapNoCoerce.invoke(PogoMetaMethodSite.java:198)
	at org.codehaus.groovy.runtime.callsite.PogoMetaMethodSite.callCurrent(PogoMetaMethodSite.java:62)
	at org.codehaus.groovy.runtime.callsite.AbstractCallSite.callCurrent(AbstractCallSite.java:185)
	at io.restassured.internal.ResponseSpecificationImpl.statusCode(ResponseSpecificationImpl.groovy:135)
	at io.restassured.internal.ValidatableResponseOptionsImpl.statusCode(ValidatableResponseOptionsImpl.java:84)
	at com.emmanuelarhu.tests.CartsApiTest.testGetSingleCartByInvalidId(CartsApiTest.java:105)
	at java.base/jdk.internal.reflect.DirectMethodHandleAccessor.invoke(DirectMethodHandleAccessor.java:103)
	at java.base/java.lang.reflect.Method.invoke(Method.java:580)
	at org.testng.internal.invokers.MethodInvocationHelper.invokeMethod(MethodInvocationHelper.java:139)
	at org.testng.internal.invokers.TestInvoker.invokeMethod(TestInvoker.java:664)
	at org.testng.internal.invokers.TestInvoker.invokeTestMethod(TestInvoker.java:227)
	at org.testng.internal.invokers.MethodRunner.runInSequence(MethodRunner.java:50)
	at org.testng.internal.invokers.TestInvoker$MethodInvocationAgent.invoke(TestInvoker.java:957)
	at org.testng.internal.invokers.TestInvoker.invokeTestMethods(TestInvoker.java:200)
	at org.testng.internal.invokers.TestMethodWorker.invokeTestMethods(TestMethodWorker.java:148)
	at org.testng.internal.invokers.TestMethodWorker.run(TestMethodWorker.java:128)
	at java.base/java.util.ArrayList.forEach(ArrayList.java:1596)
	at org.testng.TestRunner.privateRun(TestRunner.java:848)
	at org.testng.TestRunner.run(TestRunner.java:621)
	at org.testng.SuiteRunner.runTest(SuiteRunner.java:443)
	at org.testng.SuiteRunner.runSequentially(SuiteRunner.java:437)
	at org.testng.SuiteRunner.privateRun(SuiteRunner.java:397)
	at org.testng.SuiteRunner.run(SuiteRunner.java:336)
	at org.testng.SuiteRunnerWorker.runSuite(SuiteRunnerWorker.java:52)
	at org.testng.SuiteRunnerWorker.run(SuiteRunnerWorker.java:95)
	at org.testng.TestNG.runSuitesSequentially(TestNG.java:1280)
	at org.testng.TestNG.runSuitesLocally(TestNG.java:1200)
	at org.testng.TestNG.runSuites(TestNG.java:1114)
	at org.testng.TestNG.run(TestNG.java:1082)
	at org.apache.maven.surefire.testng.TestNGExecutor.run(TestNGExecutor.java:155)
	at org.apache.maven.surefire.testng.TestNGDirectoryTestSuite.executeMulti(TestNGDirectoryTestSuite.java:169)
	at org.apache.maven.surefire.testng.TestNGDirectoryTestSuite.execute(TestNGDirectoryTestSuite.java:88)
	at org.apache.maven.surefire.testng.TestNGProvider.invoke(TestNGProvider.java:137)
	at org.apache.maven.surefire.booter.ForkedBooter.runSuitesInProcess(ForkedBooter.java:385)
	at org.apache.maven.surefire.booter.ForkedBooter.execute(ForkedBooter.java:162)
	at org.apache.maven.surefire.booter.ForkedBooter.run(ForkedBooter.java:507)
	at org.apache.maven.surefire.booter.ForkedBooter.main(ForkedBooter.java:495)
]]></failure>
    <system-out><![CDATA[🚀 Starting test execution...
📋 Testing GET /carts/2147483647 (invalid ID)
]]></system-out>
  </testcase>
  <testcase name="testGetSingleCartByNonNumericId" classname="com.emmanuelarhu.tests.CartsApiTest" time="0.973">
    <system-out><![CDATA[🚀 Starting test execution...
📋 Testing GET /carts/abc (non-numeric ID)
HTTP/1.1 400 Bad Request
Date: Fri, 15 Aug 2025 13:48:35 GMT
Content-Type: application/json; charset=utf-8
Content-Length: 57
Connection: keep-alive
Access-Control-Allow-Origin: *
Etag: W/"39-eWJKekXEKg16Sl+SzKMPamaRzT0"
X-Powered-By: Express
Cf-Cache-Status: DYNAMIC
Nel: {"report_to":"cf-nel","success_fraction":0.0,"max_age":604800}
Report-To: {"group":"cf-nel","max_age":604800,"endpoints":[{"url":"https://a.nel.cloudflare.com/report/v4?s=BU49RGlNg0Tsvzo0ztJURix%2FhmM%2FCWDsqOx1XVI5D611oLgiowftKs3ZCrgSrQ17Cr3qmhhBjSy%2FOLjhTVEk82Nj5vki9Bo92yxVqG39mos%3D"}]}
Server: cloudflare
CF-RAY: 96f9267fcbc42a7b-CDG
alt-svc: h3=":443"; ma=86400

{
    "status": "error",
    "message": "cart id should be provided"
}
]]></system-out>
  </testcase>
  <testcase name="testGetSingleCartBySpecialCharacterId" classname="com.emmanuelarhu.tests.CartsApiTest" time="0.882">
    <system-out><![CDATA[🚀 Starting test execution...
📋 Testing GET /carts/@#$ (special characters)
HTTP/1.1 400 Bad Request
Date: Fri, 15 Aug 2025 13:48:36 GMT
Content-Type: application/json; charset=utf-8
Content-Length: 57
Connection: keep-alive
Access-Control-Allow-Origin: *
Etag: W/"39-eWJKekXEKg16Sl+SzKMPamaRzT0"
X-Powered-By: Express
Cf-Cache-Status: DYNAMIC
Nel: {"report_to":"cf-nel","success_fraction":0.0,"max_age":604800}
Report-To: {"group":"cf-nel","max_age":604800,"endpoints":[{"url":"https://a.nel.cloudflare.com/report/v4?s=Q%2B3rn3z%2BM7o6n5VdgZ3mL%2Bc7P%2Bl3NXJXCwdzqheqUyfL12CsZTcG8qHTn35MnetpOaA9aPdypczFFKqTPI9eADm3i6enBOSTrj6D94t3ZPM%3D"}]}
Server: cloudflare
CF-RAY: 96f92685fdc500d4-CDG
alt-svc: h3=":443"; ma=86400

{
    "status": "error",
    "message": "cart id should be provided"
}
]]></system-out>
  </testcase>
  <testcase name="testCreateCartWithValidData[Cart{id=null, userId=1, products=[CartItem{productId=1, quantity=2}, CartItem{productId=2, quantity=1}], date=&apos;2024-01-01&apos;}](1)" classname="com.emmanuelarhu.tests.CartsApiTest" time="2.431">
    <system-out><![CDATA[🚀 Starting test execution...
📋 Testing POST /carts with valid data for user: 1
HTTP/1.1 201 Created
Date: Fri, 15 Aug 2025 13:48:37 GMT
Content-Type: application/json; charset=utf-8
Content-Length: 111
Connection: keep-alive
Access-Control-Allow-Origin: *
Etag: W/"6f-c543LPogBjUfKya6GN+FGVAS0Fs"
X-Powered-By: Express
Cf-Cache-Status: DYNAMIC
Nel: {"report_to":"cf-nel","success_fraction":0.0,"max_age":604800}
Report-To: {"group":"cf-nel","max_age":604800,"endpoints":[{"url":"https://a.nel.cloudflare.com/report/v4?s=JM1alcmg64jS%2B6koRh82zIlaEdm7Pb7EaqW1ZfXsntjL%2FY%2B%2FXxtM71IXXUQlBKKI%2FGT9vJ55XzJOwqkvA33%2FiRrnXQ8GYLLvBE1z7BFYjoQ%3D"}]}
Server: cloudflare
CF-RAY: 96f926908f3a2a0b-CDG
alt-svc: h3=":443"; ma=86400

{
    "id": 11,
    "userId": 1,
    "date": "2024-01-01",
    "products": [
        {
            "productId": 1,
            "quantity": 2
        },
        {
            "productId": 2,
            "quantity": 1
        }
    ]
}
✅ Cart created with ID: 11
]]></system-out>
  </testcase>
  <testcase name="testCreateCartWithValidData[Cart{id=null, userId=2, products=[CartItem{productId=3, quantity=1}, CartItem{productId=4, quantity=3}, CartItem{productId=5, quantity=2}], date=&apos;2024-01-02&apos;}](2)" classname="com.emmanuelarhu.tests.CartsApiTest" time="0.837">
    <system-out><![CDATA[🚀 Starting test execution...
📋 Testing POST /carts with valid data for user: 2
HTTP/1.1 201 Created
Date: Fri, 15 Aug 2025 13:48:39 GMT
Content-Type: application/json; charset=utf-8
Content-Length: 140
Connection: keep-alive
Access-Control-Allow-Origin: *
Etag: W/"8c-ymcDb2MT8gmJLIHY5Rc1hQMzAmc"
X-Powered-By: Express
Cf-Cache-Status: DYNAMIC
Nel: {"report_to":"cf-nel","success_fraction":0.0,"max_age":604800}
Report-To: {"group":"cf-nel","max_age":604800,"endpoints":[{"url":"https://a.nel.cloudflare.com/report/v4?s=4FW%2BgGV9K5hSktjVOPoAl3nCQgdxg7B4S4Gce%2FR5YTdDnPc%2Fp18XEi1taZ3%2BvbPAt133vkshqd3CQEaQbpK69ydM%2FKxI0tyQYS2yOyErHqw%3D"}]}
Server: cloudflare
CF-RAY: 96f9269cdb897e80-CDG
alt-svc: h3=":443"; ma=86400

{
    "id": 11,
    "userId": 2,
    "date": "2024-01-02",
    "products": [
        {
            "productId": 3,
            "quantity": 1
        },
        {
            "productId": 4,
            "quantity": 3
        },
        {
            "productId": 5,
            "quantity": 2
        }
    ]
}
✅ Cart created with ID: 11
]]></system-out>
  </testcase>
  <testcase name="testCreateCartWithValidData[Cart{id=null, userId=3, products=[CartItem{productId=1, quantity=5}], date=&apos;2024-01-03&apos;}](3)" classname="com.emmanuelarhu.tests.CartsApiTest" time="0.867">
    <system-out><![CDATA[🚀 Starting test execution...
📋 Testing POST /carts with valid data for user: 3
HTTP/1.1 201 Created
Date: Fri, 15 Aug 2025 13:48:40 GMT
Content-Type: application/json; charset=utf-8
Content-Length: 82
Connection: keep-alive
Access-Control-Allow-Origin: *
Etag: W/"52-hKNftAxfbYeXobnWi0qCSTCqttU"
X-Powered-By: Express
Cf-Cache-Status: DYNAMIC
Nel: {"report_to":"cf-nel","success_fraction":0.0,"max_age":604800}
Report-To: {"group":"cf-nel","max_age":604800,"endpoints":[{"url":"https://a.nel.cloudflare.com/report/v4?s=378lQOdx5CCR%2FQXfxrATZjGED5y0gU6TgAmhlGK%2BBM%2BBa7NHD98tdvbWJaFrUPw7p2iGMsmgKioeinc3cwdlfp2IfrM1xGfmdN17fKWM1X8%3D"}]}
Server: cloudflare
CF-RAY: 96f926a269e8d0b6-CDG
alt-svc: h3=":443"; ma=86400

{
    "id": 11,
    "userId": 3,
    "date": "2024-01-03",
    "products": [
        {
            "productId": 1,
            "quantity": 5
        }
    ]
}
✅ Cart created with ID: 11
]]></system-out>
  </testcase>
  <testcase name="testCreateCartWithValidData[Cart{id=null, userId=4, products=[CartItem{productId=2, quantity=2}, CartItem{productId=6, quantity=1}], date=&apos;2024-01-04&apos;}](4)" classname="com.emmanuelarhu.tests.CartsApiTest" time="1.834">
    <system-out><![CDATA[🚀 Starting test execution...
📋 Testing POST /carts with valid data for user: 4
HTTP/1.1 201 Created
Date: Fri, 15 Aug 2025 13:48:42 GMT
Content-Type: application/json; charset=utf-8
Content-Length: 111
Connection: keep-alive
Access-Control-Allow-Origin: *
Etag: W/"6f-oVHQgSw6JxTeANhx8lDgEtyp9fE"
X-Powered-By: Express
Cf-Cache-Status: DYNAMIC
Nel: {"report_to":"cf-nel","success_fraction":0.0,"max_age":604800}
Report-To: {"group":"cf-nel","max_age":604800,"endpoints":[{"url":"https://a.nel.cloudflare.com/report/v4?s=4gaZ7sGxGxlnRJeek%2FBxYWRwtLnehjDQimiiC84TxaBwMm%2Baek3IJvxvx52anaktAxvcA94koV1G57atAVpgOXyyijhurHxnjDvqmbK1y9M%3D"}]}
Server: cloudflare
CF-RAY: 96f926af3a63c0a4-CDG
alt-svc: h3=":443"; ma=86400

{
    "id": 11,
    "userId": 4,
    "date": "2024-01-04",
    "products": [
        {
            "productId": 2,
            "quantity": 2
        },
        {
            "productId": 6,
            "quantity": 1
        }
    ]
}
✅ Cart created with ID: 11
]]></system-out>
  </testcase>
  <testcase name="testCreateCartWithValidData[Cart{id=null, userId=5, products=[CartItem{productId=7, quantity=1}, CartItem{productId=8, quantity=2}, CartItem{productId=9, quantity=1}, CartItem{productId=10, quantity=1}], date=&apos;2024-01-05&apos;}](5)" classname="com.emmanuelarhu.tests.CartsApiTest" time="0.906">
    <system-out><![CDATA[🚀 Starting test execution...
📋 Testing POST /carts with valid data for user: 5
HTTP/1.1 201 Created
Date: Fri, 15 Aug 2025 13:48:43 GMT
Content-Type: application/json; charset=utf-8
Content-Length: 170
Connection: keep-alive
Access-Control-Allow-Origin: *
Etag: W/"aa-s7hL9d0VD2cONjMW5Zp3Mny8tPs"
X-Powered-By: Express
Cf-Cache-Status: DYNAMIC
Nel: {"report_to":"cf-nel","success_fraction":0.0,"max_age":604800}
Report-To: {"group":"cf-nel","max_age":604800,"endpoints":[{"url":"https://a.nel.cloudflare.com/report/v4?s=GmMLFev0PH3x%2FNR4XC%2FXwjfspOexeexFOWft445iCgALKySFe%2Fgf6Dej9Q2HJFJDVd8FTF9nPHB%2Br1H9VlS%2F03ZWdzJToq3vzato1jNEKt0%3D"}]}
Server: cloudflare
CF-RAY: 96f926b518a78156-CDG
alt-svc: h3=":443"; ma=86400

{
    "id": 11,
    "userId": 5,
    "date": "2024-01-05",
    "products": [
        {
            "productId": 7,
            "quantity": 1
        },
        {
            "productId": 8,
            "quantity": 2
        },
        {
            "productId": 9,
            "quantity": 1
        },
        {
            "productId": 10,
            "quantity": 1
        }
    ]
}
✅ Cart created with ID: 11
]]></system-out>
  </testcase>
  <testcase name="testCreateCartWithInvalidData[Cart{id=null, userId=null, products=[CartItem{productId=1, quantity=2}], date=&apos;2024-01-01&apos;}, userId](1)" classname="com.emmanuelarhu.tests.CartsApiTest" time="0.658">
    <failure message="1 expectation failed.&#10;Expected status code (&lt;400&gt; or &lt;422&gt; or &lt;403&gt;) but was &lt;201&gt;.&#10;" type="java.lang.AssertionError"><![CDATA[java.lang.AssertionError: 
1 expectation failed.
Expected status code (<400> or <422> or <403>) but was <201>.

	at java.base/jdk.internal.reflect.DirectConstructorHandleAccessor.newInstance(DirectConstructorHandleAccessor.java:62)
	at java.base/java.lang.reflect.Constructor.newInstanceWithCaller(Constructor.java:502)
	at java.base/java.lang.reflect.Constructor.newInstance(Constructor.java:486)
	at org.codehaus.groovy.reflection.CachedConstructor.invoke(CachedConstructor.java:73)
	at org.codehaus.groovy.runtime.callsite.ConstructorSite$ConstructorSiteNoUnwrapNoCoerce.callConstructor(ConstructorSite.java:108)
	at org.codehaus.groovy.runtime.callsite.AbstractCallSite.callConstructor(AbstractCallSite.java:277)
	at io.restassured.internal.ResponseSpecificationImpl$HamcrestAssertionClosure.validate(ResponseSpecificationImpl.groovy:512)
	at io.restassured.internal.ResponseSpecificationImpl$HamcrestAssertionClosure$validate$1.call(Unknown Source)
	at io.restassured.internal.ResponseSpecificationImpl.validateResponseIfRequired(ResponseSpecificationImpl.groovy:696)
	at io.restassured.internal.ResponseSpecificationImpl.this$2$validateResponseIfRequired(ResponseSpecificationImpl.groovy)
	at java.base/jdk.internal.reflect.DirectMethodHandleAccessor.invoke(DirectMethodHandleAccessor.java:103)
	at java.base/java.lang.reflect.Method.invoke(Method.java:580)
	at org.codehaus.groovy.runtime.callsite.PlainObjectMetaMethodSite.doInvoke(PlainObjectMetaMethodSite.java:43)
	at org.codehaus.groovy.runtime.callsite.PogoMetaMethodSite$PogoCachedMethodSiteNoUnwrapNoCoerce.invoke(PogoMetaMethodSite.java:198)
	at org.codehaus.groovy.runtime.callsite.PogoMetaMethodSite.callCurrent(PogoMetaMethodSite.java:62)
	at org.codehaus.groovy.runtime.callsite.AbstractCallSite.callCurrent(AbstractCallSite.java:185)
	at io.restassured.internal.ResponseSpecificationImpl.statusCode(ResponseSpecificationImpl.groovy:135)
	at io.restassured.internal.ValidatableResponseOptionsImpl.statusCode(ValidatableResponseOptionsImpl.java:84)
	at com.emmanuelarhu.tests.CartsApiTest.testCreateCartWithInvalidData(CartsApiTest.java:200)
	at java.base/jdk.internal.reflect.DirectMethodHandleAccessor.invoke(DirectMethodHandleAccessor.java:103)
	at java.base/java.lang.reflect.Method.invoke(Method.java:580)
	at org.testng.internal.invokers.MethodInvocationHelper.invokeMethod(MethodInvocationHelper.java:139)
	at org.testng.internal.invokers.TestInvoker.invokeMethod(TestInvoker.java:664)
	at org.testng.internal.invokers.TestInvoker.invokeTestMethod(TestInvoker.java:227)
	at org.testng.internal.invokers.MethodRunner.runInSequence(MethodRunner.java:50)
	at org.testng.internal.invokers.TestInvoker$MethodInvocationAgent.invoke(TestInvoker.java:957)
	at org.testng.internal.invokers.TestInvoker.invokeTestMethods(TestInvoker.java:200)
	at org.testng.internal.invokers.TestMethodWorker.invokeTestMethods(TestMethodWorker.java:148)
	at org.testng.internal.invokers.TestMethodWorker.run(TestMethodWorker.java:128)
	at java.base/java.util.ArrayList.forEach(ArrayList.java:1596)
	at org.testng.TestRunner.privateRun(TestRunner.java:848)
	at org.testng.TestRunner.run(TestRunner.java:621)
	at org.testng.SuiteRunner.runTest(SuiteRunner.java:443)
	at org.testng.SuiteRunner.runSequentially(SuiteRunner.java:437)
	at org.testng.SuiteRunner.privateRun(SuiteRunner.java:397)
	at org.testng.SuiteRunner.run(SuiteRunner.java:336)
	at org.testng.SuiteRunnerWorker.runSuite(SuiteRunnerWorker.java:52)
	at org.testng.SuiteRunnerWorker.run(SuiteRunnerWorker.java:95)
	at org.testng.TestNG.runSuitesSequentially(TestNG.java:1280)
	at org.testng.TestNG.runSuitesLocally(TestNG.java:1200)
	at org.testng.TestNG.runSuites(TestNG.java:1114)
	at org.testng.TestNG.run(TestNG.java:1082)
	at org.apache.maven.surefire.testng.TestNGExecutor.run(TestNGExecutor.java:155)
	at org.apache.maven.surefire.testng.TestNGDirectoryTestSuite.executeMulti(TestNGDirectoryTestSuite.java:169)
	at org.apache.maven.surefire.testng.TestNGDirectoryTestSuite.execute(TestNGDirectoryTestSuite.java:88)
	at org.apache.maven.surefire.testng.TestNGProvider.invoke(TestNGProvider.java:137)
	at org.apache.maven.surefire.booter.ForkedBooter.runSuitesInProcess(ForkedBooter.java:385)
	at org.apache.maven.surefire.booter.ForkedBooter.execute(ForkedBooter.java:162)
	at org.apache.maven.surefire.booter.ForkedBooter.run(ForkedBooter.java:507)
	at org.apache.maven.surefire.booter.ForkedBooter.main(ForkedBooter.java:495)
]]></failure>
    <system-out><![CDATA[🚀 Starting test execution...
📋 Testing POST /carts with invalid userId
]]></system-out>
  </testcase>
  <testcase name="testCreateCartWithInvalidData[Cart{id=null, userId=-1, products=[CartItem{productId=1, quantity=2}], date=&apos;2024-01-01&apos;}, userId](2)" classname="com.emmanuelarhu.tests.CartsApiTest" time="2.195">
    <failure message="1 expectation failed.&#10;Expected status code (&lt;400&gt; or &lt;422&gt; or &lt;403&gt;) but was &lt;201&gt;.&#10;" type="java.lang.AssertionError"><![CDATA[java.lang.AssertionError: 
1 expectation failed.
Expected status code (<400> or <422> or <403>) but was <201>.

	at java.base/jdk.internal.reflect.DirectConstructorHandleAccessor.newInstance(DirectConstructorHandleAccessor.java:62)
	at java.base/java.lang.reflect.Constructor.newInstanceWithCaller(Constructor.java:502)
	at java.base/java.lang.reflect.Constructor.newInstance(Constructor.java:486)
	at org.codehaus.groovy.reflection.CachedConstructor.invoke(CachedConstructor.java:73)
	at org.codehaus.groovy.runtime.callsite.ConstructorSite$ConstructorSiteNoUnwrapNoCoerce.callConstructor(ConstructorSite.java:108)
	at org.codehaus.groovy.runtime.callsite.AbstractCallSite.callConstructor(AbstractCallSite.java:277)
	at io.restassured.internal.ResponseSpecificationImpl$HamcrestAssertionClosure.validate(ResponseSpecificationImpl.groovy:512)
	at io.restassured.internal.ResponseSpecificationImpl$HamcrestAssertionClosure$validate$1.call(Unknown Source)
	at io.restassured.internal.ResponseSpecificationImpl.validateResponseIfRequired(ResponseSpecificationImpl.groovy:696)
	at io.restassured.internal.ResponseSpecificationImpl.this$2$validateResponseIfRequired(ResponseSpecificationImpl.groovy)
	at java.base/jdk.internal.reflect.DirectMethodHandleAccessor.invoke(DirectMethodHandleAccessor.java:103)
	at java.base/java.lang.reflect.Method.invoke(Method.java:580)
	at org.codehaus.groovy.runtime.callsite.PlainObjectMetaMethodSite.doInvoke(PlainObjectMetaMethodSite.java:43)
	at org.codehaus.groovy.runtime.callsite.PogoMetaMethodSite$PogoCachedMethodSiteNoUnwrapNoCoerce.invoke(PogoMetaMethodSite.java:198)
	at org.codehaus.groovy.runtime.callsite.PogoMetaMethodSite.callCurrent(PogoMetaMethodSite.java:62)
	at org.codehaus.groovy.runtime.callsite.AbstractCallSite.callCurrent(AbstractCallSite.java:185)
	at io.restassured.internal.ResponseSpecificationImpl.statusCode(ResponseSpecificationImpl.groovy:135)
	at io.restassured.internal.ValidatableResponseOptionsImpl.statusCode(ValidatableResponseOptionsImpl.java:84)
	at com.emmanuelarhu.tests.CartsApiTest.testCreateCartWithInvalidData(CartsApiTest.java:200)
	at java.base/jdk.internal.reflect.DirectMethodHandleAccessor.invoke(DirectMethodHandleAccessor.java:103)
	at java.base/java.lang.reflect.Method.invoke(Method.java:580)
	at org.testng.internal.invokers.MethodInvocationHelper.invokeMethod(MethodInvocationHelper.java:139)
	at org.testng.internal.invokers.TestInvoker.invokeMethod(TestInvoker.java:664)
	at org.testng.internal.invokers.TestInvoker.invokeTestMethod(TestInvoker.java:227)
	at org.testng.internal.invokers.MethodRunner.runInSequence(MethodRunner.java:50)
	at org.testng.internal.invokers.TestInvoker$MethodInvocationAgent.invoke(TestInvoker.java:957)
	at org.testng.internal.invokers.TestInvoker.invokeTestMethods(TestInvoker.java:200)
	at org.testng.internal.invokers.TestMethodWorker.invokeTestMethods(TestMethodWorker.java:148)
	at org.testng.internal.invokers.TestMethodWorker.run(TestMethodWorker.java:128)
	at java.base/java.util.ArrayList.forEach(ArrayList.java:1596)
	at org.testng.TestRunner.privateRun(TestRunner.java:848)
	at org.testng.TestRunner.run(TestRunner.java:621)
	at org.testng.SuiteRunner.runTest(SuiteRunner.java:443)
	at org.testng.SuiteRunner.runSequentially(SuiteRunner.java:437)
	at org.testng.SuiteRunner.privateRun(SuiteRunner.java:397)
	at org.testng.SuiteRunner.run(SuiteRunner.java:336)
	at org.testng.SuiteRunnerWorker.runSuite(SuiteRunnerWorker.java:52)
	at org.testng.SuiteRunnerWorker.run(SuiteRunnerWorker.java:95)
	at org.testng.TestNG.runSuitesSequentially(TestNG.java:1280)
	at org.testng.TestNG.runSuitesLocally(TestNG.java:1200)
	at org.testng.TestNG.runSuites(TestNG.java:1114)
	at org.testng.TestNG.run(TestNG.java:1082)
	at org.apache.maven.surefire.testng.TestNGExecutor.run(TestNGExecutor.java:155)
	at org.apache.maven.surefire.testng.TestNGDirectoryTestSuite.executeMulti(TestNGDirectoryTestSuite.java:169)
	at org.apache.maven.surefire.testng.TestNGDirectoryTestSuite.execute(TestNGDirectoryTestSuite.java:88)
	at org.apache.maven.surefire.testng.TestNGProvider.invoke(TestNGProvider.java:137)
	at org.apache.maven.surefire.booter.ForkedBooter.runSuitesInProcess(ForkedBooter.java:385)
	at org.apache.maven.surefire.booter.ForkedBooter.execute(ForkedBooter.java:162)
	at org.apache.maven.surefire.booter.ForkedBooter.run(ForkedBooter.java:507)
	at org.apache.maven.surefire.booter.ForkedBooter.main(ForkedBooter.java:495)
]]></failure>
    <system-out><![CDATA[🚀 Starting test execution...
📋 Testing POST /carts with invalid userId
]]></system-out>
  </testcase>
  <testcase name="testCreateCartWithInvalidData[Cart{id=null, userId=0, products=[CartItem{productId=1, quantity=2}], date=&apos;2024-01-01&apos;}, userId](3)" classname="com.emmanuelarhu.tests.CartsApiTest" time="0.907">
    <failure message="1 expectation failed.&#10;Expected status code (&lt;400&gt; or &lt;422&gt; or &lt;403&gt;) but was &lt;201&gt;.&#10;" type="java.lang.AssertionError"><![CDATA[java.lang.AssertionError: 
1 expectation failed.
Expected status code (<400> or <422> or <403>) but was <201>.

	at java.base/jdk.internal.reflect.DirectConstructorHandleAccessor.newInstance(DirectConstructorHandleAccessor.java:62)
	at java.base/java.lang.reflect.Constructor.newInstanceWithCaller(Constructor.java:502)
	at java.base/java.lang.reflect.Constructor.newInstance(Constructor.java:486)
	at org.codehaus.groovy.reflection.CachedConstructor.invoke(CachedConstructor.java:73)
	at org.codehaus.groovy.runtime.callsite.ConstructorSite$ConstructorSiteNoUnwrapNoCoerce.callConstructor(ConstructorSite.java:108)
	at org.codehaus.groovy.runtime.callsite.AbstractCallSite.callConstructor(AbstractCallSite.java:277)
	at io.restassured.internal.ResponseSpecificationImpl$HamcrestAssertionClosure.validate(ResponseSpecificationImpl.groovy:512)
	at io.restassured.internal.ResponseSpecificationImpl$HamcrestAssertionClosure$validate$1.call(Unknown Source)
	at io.restassured.internal.ResponseSpecificationImpl.validateResponseIfRequired(ResponseSpecificationImpl.groovy:696)
	at io.restassured.internal.ResponseSpecificationImpl.this$2$validateResponseIfRequired(ResponseSpecificationImpl.groovy)
	at java.base/jdk.internal.reflect.DirectMethodHandleAccessor.invoke(DirectMethodHandleAccessor.java:103)
	at java.base/java.lang.reflect.Method.invoke(Method.java:580)
	at org.codehaus.groovy.runtime.callsite.PlainObjectMetaMethodSite.doInvoke(PlainObjectMetaMethodSite.java:43)
	at org.codehaus.groovy.runtime.callsite.PogoMetaMethodSite$PogoCachedMethodSiteNoUnwrapNoCoerce.invoke(PogoMetaMethodSite.java:198)
	at org.codehaus.groovy.runtime.callsite.PogoMetaMethodSite.callCurrent(PogoMetaMethodSite.java:62)
	at org.codehaus.groovy.runtime.callsite.AbstractCallSite.callCurrent(AbstractCallSite.java:185)
	at io.restassured.internal.ResponseSpecificationImpl.statusCode(ResponseSpecificationImpl.groovy:135)
	at io.restassured.internal.ValidatableResponseOptionsImpl.statusCode(ValidatableResponseOptionsImpl.java:84)
	at com.emmanuelarhu.tests.CartsApiTest.testCreateCartWithInvalidData(CartsApiTest.java:200)
	at java.base/jdk.internal.reflect.DirectMethodHandleAccessor.invoke(DirectMethodHandleAccessor.java:103)
	at java.base/java.lang.reflect.Method.invoke(Method.java:580)
	at org.testng.internal.invokers.MethodInvocationHelper.invokeMethod(MethodInvocationHelper.java:139)
	at org.testng.internal.invokers.TestInvoker.invokeMethod(TestInvoker.java:664)
	at org.testng.internal.invokers.TestInvoker.invokeTestMethod(TestInvoker.java:227)
	at org.testng.internal.invokers.MethodRunner.runInSequence(MethodRunner.java:50)
	at org.testng.internal.invokers.TestInvoker$MethodInvocationAgent.invoke(TestInvoker.java:957)
	at org.testng.internal.invokers.TestInvoker.invokeTestMethods(TestInvoker.java:200)
	at org.testng.internal.invokers.TestMethodWorker.invokeTestMethods(TestMethodWorker.java:148)
	at org.testng.internal.invokers.TestMethodWorker.run(TestMethodWorker.java:128)
	at java.base/java.util.ArrayList.forEach(ArrayList.java:1596)
	at org.testng.TestRunner.privateRun(TestRunner.java:848)
	at org.testng.TestRunner.run(TestRunner.java:621)
	at org.testng.SuiteRunner.runTest(SuiteRunner.java:443)
	at org.testng.SuiteRunner.runSequentially(SuiteRunner.java:437)
	at org.testng.SuiteRunner.privateRun(SuiteRunner.java:397)
	at org.testng.SuiteRunner.run(SuiteRunner.java:336)
	at org.testng.SuiteRunnerWorker.runSuite(SuiteRunnerWorker.java:52)
	at org.testng.SuiteRunnerWorker.run(SuiteRunnerWorker.java:95)
	at org.testng.TestNG.runSuitesSequentially(TestNG.java:1280)
	at org.testng.TestNG.runSuitesLocally(TestNG.java:1200)
	at org.testng.TestNG.runSuites(TestNG.java:1114)
	at org.testng.TestNG.run(TestNG.java:1082)
	at org.apache.maven.surefire.testng.TestNGExecutor.run(TestNGExecutor.java:155)
	at org.apache.maven.surefire.testng.TestNGDirectoryTestSuite.executeMulti(TestNGDirectoryTestSuite.java:169)
	at org.apache.maven.surefire.testng.TestNGDirectoryTestSuite.execute(TestNGDirectoryTestSuite.java:88)
	at org.apache.maven.surefire.testng.TestNGProvider.invoke(TestNGProvider.java:137)
	at org.apache.maven.surefire.booter.ForkedBooter.runSuitesInProcess(ForkedBooter.java:385)
	at org.apache.maven.surefire.booter.ForkedBooter.execute(ForkedBooter.java:162)
	at org.apache.maven.surefire.booter.ForkedBooter.run(ForkedBooter.java:507)
	at org.apache.maven.surefire.booter.ForkedBooter.main(ForkedBooter.java:495)
]]></failure>
    <system-out><![CDATA[🚀 Starting test execution...
📋 Testing POST /carts with invalid userId
]]></system-out>
  </testcase>
  <testcase name="testCreateCartWithInvalidData[Cart{id=null, userId=1, products=null, date=&apos;2024-01-01&apos;}, products](4)" classname="com.emmanuelarhu.tests.CartsApiTest" time="2.27">
    <failure message="1 expectation failed.&#10;Expected status code (&lt;400&gt; or &lt;422&gt; or &lt;403&gt;) but was &lt;201&gt;.&#10;" type="java.lang.AssertionError"><![CDATA[java.lang.AssertionError: 
1 expectation failed.
Expected status code (<400> or <422> or <403>) but was <201>.

	at java.base/jdk.internal.reflect.DirectConstructorHandleAccessor.newInstance(DirectConstructorHandleAccessor.java:62)
	at java.base/java.lang.reflect.Constructor.newInstanceWithCaller(Constructor.java:502)
	at java.base/java.lang.reflect.Constructor.newInstance(Constructor.java:486)
	at org.codehaus.groovy.reflection.CachedConstructor.invoke(CachedConstructor.java:73)
	at org.codehaus.groovy.runtime.callsite.ConstructorSite$ConstructorSiteNoUnwrapNoCoerce.callConstructor(ConstructorSite.java:108)
	at org.codehaus.groovy.runtime.callsite.AbstractCallSite.callConstructor(AbstractCallSite.java:277)
	at io.restassured.internal.ResponseSpecificationImpl$HamcrestAssertionClosure.validate(ResponseSpecificationImpl.groovy:512)
	at io.restassured.internal.ResponseSpecificationImpl$HamcrestAssertionClosure$validate$1.call(Unknown Source)
	at io.restassured.internal.ResponseSpecificationImpl.validateResponseIfRequired(ResponseSpecificationImpl.groovy:696)
	at io.restassured.internal.ResponseSpecificationImpl.this$2$validateResponseIfRequired(ResponseSpecificationImpl.groovy)
	at java.base/jdk.internal.reflect.DirectMethodHandleAccessor.invoke(DirectMethodHandleAccessor.java:103)
	at java.base/java.lang.reflect.Method.invoke(Method.java:580)
	at org.codehaus.groovy.runtime.callsite.PlainObjectMetaMethodSite.doInvoke(PlainObjectMetaMethodSite.java:43)
	at org.codehaus.groovy.runtime.callsite.PogoMetaMethodSite$PogoCachedMethodSiteNoUnwrapNoCoerce.invoke(PogoMetaMethodSite.java:198)
	at org.codehaus.groovy.runtime.callsite.PogoMetaMethodSite.callCurrent(PogoMetaMethodSite.java:62)
	at org.codehaus.groovy.runtime.callsite.AbstractCallSite.callCurrent(AbstractCallSite.java:185)
	at io.restassured.internal.ResponseSpecificationImpl.statusCode(ResponseSpecificationImpl.groovy:135)
	at io.restassured.internal.ValidatableResponseOptionsImpl.statusCode(ValidatableResponseOptionsImpl.java:84)
	at com.emmanuelarhu.tests.CartsApiTest.testCreateCartWithInvalidData(CartsApiTest.java:200)
	at java.base/jdk.internal.reflect.DirectMethodHandleAccessor.invoke(DirectMethodHandleAccessor.java:103)
	at java.base/java.lang.reflect.Method.invoke(Method.java:580)
	at org.testng.internal.invokers.MethodInvocationHelper.invokeMethod(MethodInvocationHelper.java:139)
	at org.testng.internal.invokers.TestInvoker.invokeMethod(TestInvoker.java:664)
	at org.testng.internal.invokers.TestInvoker.invokeTestMethod(TestInvoker.java:227)
	at org.testng.internal.invokers.MethodRunner.runInSequence(MethodRunner.java:50)
	at org.testng.internal.invokers.TestInvoker$MethodInvocationAgent.invoke(TestInvoker.java:957)
	at org.testng.internal.invokers.TestInvoker.invokeTestMethods(TestInvoker.java:200)
	at org.testng.internal.invokers.TestMethodWorker.invokeTestMethods(TestMethodWorker.java:148)
	at org.testng.internal.invokers.TestMethodWorker.run(TestMethodWorker.java:128)
	at java.base/java.util.ArrayList.forEach(ArrayList.java:1596)
	at org.testng.TestRunner.privateRun(TestRunner.java:848)
	at org.testng.TestRunner.run(TestRunner.java:621)
	at org.testng.SuiteRunner.runTest(SuiteRunner.java:443)
	at org.testng.SuiteRunner.runSequentially(SuiteRunner.java:437)
	at org.testng.SuiteRunner.privateRun(SuiteRunner.java:397)
	at org.testng.SuiteRunner.run(SuiteRunner.java:336)
	at org.testng.SuiteRunnerWorker.runSuite(SuiteRunnerWorker.java:52)
	at org.testng.SuiteRunnerWorker.run(SuiteRunnerWorker.java:95)
	at org.testng.TestNG.runSuitesSequentially(TestNG.java:1280)
	at org.testng.TestNG.runSuitesLocally(TestNG.java:1200)
	at org.testng.TestNG.runSuites(TestNG.java:1114)
	at org.testng.TestNG.run(TestNG.java:1082)
	at org.apache.maven.surefire.testng.TestNGExecutor.run(TestNGExecutor.java:155)
	at org.apache.maven.surefire.testng.TestNGDirectoryTestSuite.executeMulti(TestNGDirectoryTestSuite.java:169)
	at org.apache.maven.surefire.testng.TestNGDirectoryTestSuite.execute(TestNGDirectoryTestSuite.java:88)
	at org.apache.maven.surefire.testng.TestNGProvider.invoke(TestNGProvider.java:137)
	at org.apache.maven.surefire.booter.ForkedBooter.runSuitesInProcess(ForkedBooter.java:385)
	at org.apache.maven.surefire.booter.ForkedBooter.execute(ForkedBooter.java:162)
	at org.apache.maven.surefire.booter.ForkedBooter.run(ForkedBooter.java:507)
	at org.apache.maven.surefire.booter.ForkedBooter.main(ForkedBooter.java:495)
]]></failure>
    <system-out><![CDATA[🚀 Starting test execution...
📋 Testing POST /carts with invalid products
]]></system-out>
  </testcase>
  <testcase name="testCreateCartWithInvalidData[Cart{id=null, userId=1, products=[CartItem{productId=1, quantity=2}], date=&apos;null&apos;}, date](5)" classname="com.emmanuelarhu.tests.CartsApiTest" time="0.845">
    <failure message="1 expectation failed.&#10;Expected status code (&lt;400&gt; or &lt;422&gt; or &lt;403&gt;) but was &lt;201&gt;.&#10;" type="java.lang.AssertionError"><![CDATA[java.lang.AssertionError: 
1 expectation failed.
Expected status code (<400> or <422> or <403>) but was <201>.

	at java.base/jdk.internal.reflect.DirectConstructorHandleAccessor.newInstance(DirectConstructorHandleAccessor.java:62)
	at java.base/java.lang.reflect.Constructor.newInstanceWithCaller(Constructor.java:502)
	at java.base/java.lang.reflect.Constructor.newInstance(Constructor.java:486)
	at org.codehaus.groovy.reflection.CachedConstructor.invoke(CachedConstructor.java:73)
	at org.codehaus.groovy.runtime.callsite.ConstructorSite$ConstructorSiteNoUnwrapNoCoerce.callConstructor(ConstructorSite.java:108)
	at org.codehaus.groovy.runtime.callsite.AbstractCallSite.callConstructor(AbstractCallSite.java:277)
	at io.restassured.internal.ResponseSpecificationImpl$HamcrestAssertionClosure.validate(ResponseSpecificationImpl.groovy:512)
	at io.restassured.internal.ResponseSpecificationImpl$HamcrestAssertionClosure$validate$1.call(Unknown Source)
	at io.restassured.internal.ResponseSpecificationImpl.validateResponseIfRequired(ResponseSpecificationImpl.groovy:696)
	at io.restassured.internal.ResponseSpecificationImpl.this$2$validateResponseIfRequired(ResponseSpecificationImpl.groovy)
	at java.base/jdk.internal.reflect.DirectMethodHandleAccessor.invoke(DirectMethodHandleAccessor.java:103)
	at java.base/java.lang.reflect.Method.invoke(Method.java:580)
	at org.codehaus.groovy.runtime.callsite.PlainObjectMetaMethodSite.doInvoke(PlainObjectMetaMethodSite.java:43)
	at org.codehaus.groovy.runtime.callsite.PogoMetaMethodSite$PogoCachedMethodSiteNoUnwrapNoCoerce.invoke(PogoMetaMethodSite.java:198)
	at org.codehaus.groovy.runtime.callsite.PogoMetaMethodSite.callCurrent(PogoMetaMethodSite.java:62)
	at org.codehaus.groovy.runtime.callsite.AbstractCallSite.callCurrent(AbstractCallSite.java:185)
	at io.restassured.internal.ResponseSpecificationImpl.statusCode(ResponseSpecificationImpl.groovy:135)
	at io.restassured.internal.ValidatableResponseOptionsImpl.statusCode(ValidatableResponseOptionsImpl.java:84)
	at com.emmanuelarhu.tests.CartsApiTest.testCreateCartWithInvalidData(CartsApiTest.java:200)
	at java.base/jdk.internal.reflect.DirectMethodHandleAccessor.invoke(DirectMethodHandleAccessor.java:103)
	at java.base/java.lang.reflect.Method.invoke(Method.java:580)
	at org.testng.internal.invokers.MethodInvocationHelper.invokeMethod(MethodInvocationHelper.java:139)
	at org.testng.internal.invokers.TestInvoker.invokeMethod(TestInvoker.java:664)
	at org.testng.internal.invokers.TestInvoker.invokeTestMethod(TestInvoker.java:227)
	at org.testng.internal.invokers.MethodRunner.runInSequence(MethodRunner.java:50)
	at org.testng.internal.invokers.TestInvoker$MethodInvocationAgent.invoke(TestInvoker.java:957)
	at org.testng.internal.invokers.TestInvoker.invokeTestMethods(TestInvoker.java:200)
	at org.testng.internal.invokers.TestMethodWorker.invokeTestMethods(TestMethodWorker.java:148)
	at org.testng.internal.invokers.TestMethodWorker.run(TestMethodWorker.java:128)
	at java.base/java.util.ArrayList.forEach(ArrayList.java:1596)
	at org.testng.TestRunner.privateRun(TestRunner.java:848)
	at org.testng.TestRunner.run(TestRunner.java:621)
	at org.testng.SuiteRunner.runTest(SuiteRunner.java:443)
	at org.testng.SuiteRunner.runSequentially(SuiteRunner.java:437)
	at org.testng.SuiteRunner.privateRun(SuiteRunner.java:397)
	at org.testng.SuiteRunner.run(SuiteRunner.java:336)
	at org.testng.SuiteRunnerWorker.runSuite(SuiteRunnerWorker.java:52)
	at org.testng.SuiteRunnerWorker.run(SuiteRunnerWorker.java:95)
	at org.testng.TestNG.runSuitesSequentially(TestNG.java:1280)
	at org.testng.TestNG.runSuitesLocally(TestNG.java:1200)
	at org.testng.TestNG.runSuites(TestNG.java:1114)
	at org.testng.TestNG.run(TestNG.java:1082)
	at org.apache.maven.surefire.testng.TestNGExecutor.run(TestNGExecutor.java:155)
	at org.apache.maven.surefire.testng.TestNGDirectoryTestSuite.executeMulti(TestNGDirectoryTestSuite.java:169)
	at org.apache.maven.surefire.testng.TestNGDirectoryTestSuite.execute(TestNGDirectoryTestSuite.java:88)
	at org.apache.maven.surefire.testng.TestNGProvider.invoke(TestNGProvider.java:137)
	at org.apache.maven.surefire.booter.ForkedBooter.runSuitesInProcess(ForkedBooter.java:385)
	at org.apache.maven.surefire.booter.ForkedBooter.execute(ForkedBooter.java:162)
	at org.apache.maven.surefire.booter.ForkedBooter.run(ForkedBooter.java:507)
	at org.apache.maven.surefire.booter.ForkedBooter.main(ForkedBooter.java:495)
]]></failure>
    <system-out><![CDATA[🚀 Starting test execution...
📋 Testing POST /carts with invalid date
]]></system-out>
  </testcase>
  <testcase name="testCreateCartWithInvalidData[Cart{id=null, userId=1, products=[CartItem{productId=1, quantity=2}], date=&apos;invalid-date&apos;}, date](6)" classname="com.emmanuelarhu.tests.CartsApiTest" time="0.886">
    <failure message="1 expectation failed.&#10;Expected status code (&lt;400&gt; or &lt;422&gt; or &lt;403&gt;) but was &lt;201&gt;.&#10;" type="java.lang.AssertionError"><![CDATA[java.lang.AssertionError: 
1 expectation failed.
Expected status code (<400> or <422> or <403>) but was <201>.

	at java.base/jdk.internal.reflect.DirectConstructorHandleAccessor.newInstance(DirectConstructorHandleAccessor.java:62)
	at java.base/java.lang.reflect.Constructor.newInstanceWithCaller(Constructor.java:502)
	at java.base/java.lang.reflect.Constructor.newInstance(Constructor.java:486)
	at org.codehaus.groovy.reflection.CachedConstructor.invoke(CachedConstructor.java:73)
	at org.codehaus.groovy.runtime.callsite.ConstructorSite$ConstructorSiteNoUnwrapNoCoerce.callConstructor(ConstructorSite.java:108)
	at org.codehaus.groovy.runtime.callsite.AbstractCallSite.callConstructor(AbstractCallSite.java:277)
	at io.restassured.internal.ResponseSpecificationImpl$HamcrestAssertionClosure.validate(ResponseSpecificationImpl.groovy:512)
	at io.restassured.internal.ResponseSpecificationImpl$HamcrestAssertionClosure$validate$1.call(Unknown Source)
	at io.restassured.internal.ResponseSpecificationImpl.validateResponseIfRequired(ResponseSpecificationImpl.groovy:696)
	at io.restassured.internal.ResponseSpecificationImpl.this$2$validateResponseIfRequired(ResponseSpecificationImpl.groovy)
	at java.base/jdk.internal.reflect.DirectMethodHandleAccessor.invoke(DirectMethodHandleAccessor.java:103)
	at java.base/java.lang.reflect.Method.invoke(Method.java:580)
	at org.codehaus.groovy.runtime.callsite.PlainObjectMetaMethodSite.doInvoke(PlainObjectMetaMethodSite.java:43)
	at org.codehaus.groovy.runtime.callsite.PogoMetaMethodSite$PogoCachedMethodSiteNoUnwrapNoCoerce.invoke(PogoMetaMethodSite.java:198)
	at org.codehaus.groovy.runtime.callsite.PogoMetaMethodSite.callCurrent(PogoMetaMethodSite.java:62)
	at org.codehaus.groovy.runtime.callsite.AbstractCallSite.callCurrent(AbstractCallSite.java:185)
	at io.restassured.internal.ResponseSpecificationImpl.statusCode(ResponseSpecificationImpl.groovy:135)
	at io.restassured.internal.ValidatableResponseOptionsImpl.statusCode(ValidatableResponseOptionsImpl.java:84)
	at com.emmanuelarhu.tests.CartsApiTest.testCreateCartWithInvalidData(CartsApiTest.java:200)
	at java.base/jdk.internal.reflect.DirectMethodHandleAccessor.invoke(DirectMethodHandleAccessor.java:103)
	at java.base/java.lang.reflect.Method.invoke(Method.java:580)
	at org.testng.internal.invokers.MethodInvocationHelper.invokeMethod(MethodInvocationHelper.java:139)
	at org.testng.internal.invokers.TestInvoker.invokeMethod(TestInvoker.java:664)
	at org.testng.internal.invokers.TestInvoker.invokeTestMethod(TestInvoker.java:227)
	at org.testng.internal.invokers.MethodRunner.runInSequence(MethodRunner.java:50)
	at org.testng.internal.invokers.TestInvoker$MethodInvocationAgent.invoke(TestInvoker.java:957)
	at org.testng.internal.invokers.TestInvoker.invokeTestMethods(TestInvoker.java:200)
	at org.testng.internal.invokers.TestMethodWorker.invokeTestMethods(TestMethodWorker.java:148)
	at org.testng.internal.invokers.TestMethodWorker.run(TestMethodWorker.java:128)
	at java.base/java.util.ArrayList.forEach(ArrayList.java:1596)
	at org.testng.TestRunner.privateRun(TestRunner.java:848)
	at org.testng.TestRunner.run(TestRunner.java:621)
	at org.testng.SuiteRunner.runTest(SuiteRunner.java:443)
	at org.testng.SuiteRunner.runSequentially(SuiteRunner.java:437)
	at org.testng.SuiteRunner.privateRun(SuiteRunner.java:397)
	at org.testng.SuiteRunner.run(SuiteRunner.java:336)
	at org.testng.SuiteRunnerWorker.runSuite(SuiteRunnerWorker.java:52)
	at org.testng.SuiteRunnerWorker.run(SuiteRunnerWorker.java:95)
	at org.testng.TestNG.runSuitesSequentially(TestNG.java:1280)
	at org.testng.TestNG.runSuitesLocally(TestNG.java:1200)
	at org.testng.TestNG.runSuites(TestNG.java:1114)
[...]
Content-Encoding: gzip
Server: cloudflare
CF-RAY: 96f92c2efa6fd0a4-CDG
alt-svc: h3=":443"; ma=86400

{
    "id": 9999,
    "username": "nonexistent",
    "email": "nonexistent@test.com",
    "password": "password123"
}
]]></system-out>
  </testcase>
  <testcase name="testUpdateUserWithInvalidId" classname="com.emmanuelarhu.tests.UsersApiTest" time="0.72">
    <system-out><![CDATA[🚀 Starting test execution...
📋 Testing PUT /users/invalid (invalid ID)
HTTP/1.1 400 Bad Request
Date: Fri, 15 Aug 2025 13:52:28 GMT
Content-Type: application/json; charset=utf-8
Content-Length: 73
Connection: keep-alive
Access-Control-Allow-Origin: *
Etag: W/"49-hC/Pxxrd/7/1JT1dQBok5DscJPQ"
X-Powered-By: Express
Cf-Cache-Status: DYNAMIC
Nel: {"report_to":"cf-nel","success_fraction":0.0,"max_age":604800}
Report-To: {"group":"cf-nel","max_age":604800,"endpoints":[{"url":"https://a.nel.cloudflare.com/report/v4?s=YaiKfShnu3bDKVqenBcvjeLJl5CsqqSPCKW%2Bvu1k2CD1zPopNZ1ehcDdojzoJ5dQn%2B5%2FbQ9iGZeneVdy4%2FrFAPiZC3KelxSRwTf0C4P3CFg%3D"}]}
Server: cloudflare
CF-RAY: 96f92c326eed2a82-CDG
alt-svc: h3=":443"; ma=86400

{
    "status": "error",
    "message": "something went wrong! check your sent data"
}
]]></system-out>
  </testcase>
  <testcase name="testPartialUpdateUser[1, {&quot;username&quot;: &quot;updated_username&quot;}](1)" classname="com.emmanuelarhu.tests.UsersApiTest" time="0.626">
    <system-out><![CDATA[🚀 Starting test execution...
📋 Testing PUT /users/1 with partial update
HTTP/1.1 200 OK
Date: Fri, 15 Aug 2025 13:52:29 GMT
Content-Type: application/json; charset=utf-8
Transfer-Encoding: chunked
Connection: keep-alive
Access-Control-Allow-Origin: *
Etag: W/"1f-u7tdG8MxN4EJtluPRbWzVApdZXY"
X-Powered-By: Express
Cf-Cache-Status: DYNAMIC
Nel: {"report_to":"cf-nel","success_fraction":0.0,"max_age":604800}
Report-To: {"group":"cf-nel","max_age":604800,"endpoints":[{"url":"https://a.nel.cloudflare.com/report/v4?s=VW4VUo5RcFChz61SL66dOLHt4l54yzUj8HzrUtn5NFo5H4DZ4wZiYY3nETIdWqowGbDeTwqkHgVEnfWtWzRHA%2B41HpLghW3sdVVmtYQ1Iqw%3D"}]}
Content-Encoding: gzip
Server: cloudflare
CF-RAY: 96f92c37680a2a6f-CDG
alt-svc: h3=":443"; ma=86400

{
    "username": "updated_username"
}
]]></system-out>
  </testcase>
  <testcase name="testPartialUpdateUser[2, {&quot;email&quot;: &quot;updated@example.com&quot;}](2)" classname="com.emmanuelarhu.tests.UsersApiTest" time="0.567">
    <system-out><![CDATA[🚀 Starting test execution...
📋 Testing PUT /users/2 with partial update
HTTP/1.1 200 OK
Date: Fri, 15 Aug 2025 13:52:29 GMT
Content-Type: application/json; charset=utf-8
Transfer-Encoding: chunked
Connection: keep-alive
Access-Control-Allow-Origin: *
Etag: W/"1f-yibX9Z2OudOmDw+RfztHMfwVSUg"
X-Powered-By: Express
Cf-Cache-Status: DYNAMIC
Nel: {"report_to":"cf-nel","success_fraction":0.0,"max_age":604800}
Report-To: {"group":"cf-nel","max_age":604800,"endpoints":[{"url":"https://a.nel.cloudflare.com/report/v4?s=tIyqGgqaSh%2FR6eJqSLhhv9F9ihuU7rcfrH7KxTRwb6%2Fj9yj5UI%2FWGGUAWI1ZEJFSvpJUut7ol9O9jRtti%2BDhb3rfcF48Ov30OKG308YPdTQ%3D"}]}
Content-Encoding: gzip
Server: cloudflare
CF-RAY: 96f92c3ade67d092-CDG
alt-svc: h3=":443"; ma=86400

{
    "email": "updated@example.com"
}
]]></system-out>
  </testcase>
  <testcase name="testPartialUpdateUser[3, {&quot;password&quot;: &quot;newPassword123&quot;}](3)" classname="com.emmanuelarhu.tests.UsersApiTest" time="0.527">
    <system-out><![CDATA[🚀 Starting test execution...
📋 Testing PUT /users/3 with partial update
HTTP/1.1 200 OK
Date: Fri, 15 Aug 2025 13:52:30 GMT
Content-Type: application/json; charset=utf-8
Transfer-Encoding: chunked
Connection: keep-alive
Access-Control-Allow-Origin: *
Etag: W/"1d-GNDkG7FkrOgNQ1wOeiXFGXHohcE"
X-Powered-By: Express
Cf-Cache-Status: DYNAMIC
Nel: {"report_to":"cf-nel","success_fraction":0.0,"max_age":604800}
Report-To: {"group":"cf-nel","max_age":604800,"endpoints":[{"url":"https://a.nel.cloudflare.com/report/v4?s=PufeA6Hy2TPAUeaEj7D7y8w31maoOxuF%2FNBamAQjeVudCWiuCekUtxAzVwSQ1G7Ov7IQeYfTC8nyVXatLHa%2F5%2B3tDtBRHNnRYWSDoE5uWGY%3D"}]}
Content-Encoding: gzip
Server: cloudflare
CF-RAY: 96f92c3e4dc76fea-CDG
alt-svc: h3=":443"; ma=86400

{
    "password": "newPassword123"
}
]]></system-out>
  </testcase>
  <testcase name="testPartialUpdateUser[4, {&quot;username&quot;: &quot;new_user&quot;, &quot;email&quot;: &quot;new@example.com&quot;}](4)" classname="com.emmanuelarhu.tests.UsersApiTest" time="0.548">
    <system-out><![CDATA[🚀 Starting test execution...
📋 Testing PUT /users/4 with partial update
HTTP/1.1 200 OK
Date: Fri, 15 Aug 2025 13:52:31 GMT
Content-Type: application/json; charset=utf-8
Transfer-Encoding: chunked
Connection: keep-alive
Access-Control-Allow-Origin: *
Etag: W/"31-MPPbfQ2ghENeHyyb1XLN4//eiLg"
X-Powered-By: Express
Cf-Cache-Status: DYNAMIC
Nel: {"report_to":"cf-nel","success_fraction":0.0,"max_age":604800}
Report-To: {"group":"cf-nel","max_age":604800,"endpoints":[{"url":"https://a.nel.cloudflare.com/report/v4?s=9UI9NsO803BS1RpVQPa5f3vZeGomGnN8sUvfSycZsYPxoPpUIYzz6K61XMmy%2Fe3BnqppLwNt%2BlJTjk5pO14crcKEP3QiVj2t7m7um0%2FEOyM%3D"}]}
Content-Encoding: gzip
Server: cloudflare
CF-RAY: 96f92c41a89d9e45-CDG
alt-svc: h3=":443"; ma=86400

{
    "username": "new_user",
    "email": "new@example.com"
}
]]></system-out>
  </testcase>
  <testcase name="testDeleteExistingUser" classname="com.emmanuelarhu.tests.UsersApiTest" time="0.652">
    <system-out><![CDATA[🚀 Starting test execution...
📋 Testing DELETE /users/1
HTTP/1.1 200 OK
Date: Fri, 15 Aug 2025 13:52:31 GMT
Content-Type: application/json; charset=utf-8
Transfer-Encoding: chunked
Connection: keep-alive
Access-Control-Allow-Origin: *
Etag: W/"120-HNMhv14aQeBJetA9fBvavCZ+gdk"
X-Powered-By: Express
Cf-Cache-Status: DYNAMIC
Nel: {"report_to":"cf-nel","success_fraction":0.0,"max_age":604800}
Report-To: {"group":"cf-nel","max_age":604800,"endpoints":[{"url":"https://a.nel.cloudflare.com/report/v4?s=F6yN%2BAH4kjuLvA%2FJpUsS2A2KLlofPH3QzqgLDpeEGQJrq5wTnOQYs9ve5fmLzSZDcGYtVnIcsJcjbSqH4ZRlfA%2FldI13gN9B1pPH6LY%2FVMA%3D"}]}
Content-Encoding: gzip
Server: cloudflare
CF-RAY: 96f92c454c10005a-CDG
alt-svc: h3=":443"; ma=86400

{
    "address": {
        "geolocation": {
            "lat": "-37.3159",
            "long": "81.1496"
        },
        "city": "kilcoole",
        "street": "new road",
        "number": 7682,
        "zipcode": "12926-3874"
    },
    "id": 1,
    "email": "john@gmail.com",
    "username": "johnd",
    "password": "m38rmF$",
    "name": {
        "firstname": "john",
        "lastname": "doe"
    },
    "phone": "1-570-236-7033",
    "__v": 0
}
]]></system-out>
  </testcase>
  <testcase name="testDeleteNonExistentUser" classname="com.emmanuelarhu.tests.UsersApiTest" time="0.761">
    <system-out><![CDATA[🚀 Starting test execution...
📋 Testing DELETE /users/9999 (non-existent)
HTTP/1.1 200 OK
Date: Fri, 15 Aug 2025 13:52:32 GMT
Content-Type: application/json; charset=utf-8
Transfer-Encoding: chunked
Connection: keep-alive
Access-Control-Allow-Origin: *
Etag: W/"4-K+iMpCQsduglOsYkdIUQZQMtaDM"
X-Powered-By: Express
Cf-Cache-Status: DYNAMIC
Nel: {"report_to":"cf-nel","success_fraction":0.0,"max_age":604800}
Report-To: {"group":"cf-nel","max_age":604800,"endpoints":[{"url":"https://a.nel.cloudflare.com/report/v4?s=0mfRm4naMvDiyAwVnk4Nv8iRumCE5HEU%2F7%2BmbkDPEdzloIvlMMMYqaLh4PTtnte0iHODoGNoJls9LeOznurLaWwId5%2FWPMYl%2FGTgPnRcnjs%3D"}]}
Content-Encoding: gzip
Server: cloudflare
CF-RAY: 96f92c498a27d113-CDG
alt-svc: h3=":443"; ma=86400

null
]]></system-out>
  </testcase>
  <testcase name="testDeleteUserWithInvalidId" classname="com.emmanuelarhu.tests.UsersApiTest" time="0.626">
    <system-out><![CDATA[🚀 Starting test execution...
📋 Testing DELETE /users/invalid
HTTP/1.1 400 Bad Request
Date: Fri, 15 Aug 2025 13:52:33 GMT
Content-Type: application/json; charset=utf-8
Content-Length: 57
Connection: keep-alive
Access-Control-Allow-Origin: *
Etag: W/"39-c+fGpiiXQH9CfiwB4wJOltECia0"
X-Powered-By: Express
Cf-Cache-Status: DYNAMIC
Nel: {"report_to":"cf-nel","success_fraction":0.0,"max_age":604800}
Report-To: {"group":"cf-nel","max_age":604800,"endpoints":[{"url":"https://a.nel.cloudflare.com/report/v4?s=uqUreIZiYGGtwNjZYq40zHf5toV67pu0JJTAMNNPj%2B7X0%2BYgvsZObTMuqRVeVVUF6aPbJt4gSYJPf4jg3SjrJbB4aZCthoB%2BkRXoPQUXXN8%3D"}]}
Server: cloudflare
CF-RAY: 96f92c4e8bc9d113-CDG
alt-svc: h3=":443"; ma=86400

{
    "status": "error",
    "message": "user id should be provided"
}
]]></system-out>
  </testcase>
  <testcase name="testDeleteUserWithNegativeId" classname="com.emmanuelarhu.tests.UsersApiTest" time="0.697">
    <failure message="1 expectation failed.&#10;Expected status code (&lt;400&gt; or &lt;404&gt; or &lt;403&gt;) but was &lt;200&gt;.&#10;" type="java.lang.AssertionError"><![CDATA[java.lang.AssertionError: 
1 expectation failed.
Expected status code (<400> or <404> or <403>) but was <200>.

	at java.base/jdk.internal.reflect.DirectConstructorHandleAccessor.newInstance(DirectConstructorHandleAccessor.java:62)
	at java.base/java.lang.reflect.Constructor.newInstanceWithCaller(Constructor.java:502)
	at java.base/java.lang.reflect.Constructor.newInstance(Constructor.java:486)
	at org.codehaus.groovy.reflection.CachedConstructor.invoke(CachedConstructor.java:73)
	at org.codehaus.groovy.runtime.callsite.ConstructorSite$ConstructorSiteNoUnwrapNoCoerce.callConstructor(ConstructorSite.java:108)
	at org.codehaus.groovy.runtime.callsite.AbstractCallSite.callConstructor(AbstractCallSite.java:277)
	at io.restassured.internal.ResponseSpecificationImpl$HamcrestAssertionClosure.validate(ResponseSpecificationImpl.groovy:512)
	at io.restassured.internal.ResponseSpecificationImpl$HamcrestAssertionClosure$validate$1.call(Unknown Source)
	at io.restassured.internal.ResponseSpecificationImpl.validateResponseIfRequired(ResponseSpecificationImpl.groovy:696)
	at io.restassured.internal.ResponseSpecificationImpl.this$2$validateResponseIfRequired(ResponseSpecificationImpl.groovy)
	at java.base/jdk.internal.reflect.DirectMethodHandleAccessor.invoke(DirectMethodHandleAccessor.java:103)
	at java.base/java.lang.reflect.Method.invoke(Method.java:580)
	at org.codehaus.groovy.runtime.callsite.PlainObjectMetaMethodSite.doInvoke(PlainObjectMetaMethodSite.java:43)
	at org.codehaus.groovy.runtime.callsite.PogoMetaMethodSite$PogoCachedMethodSiteNoUnwrapNoCoerce.invoke(PogoMetaMethodSite.java:198)
	at org.codehaus.groovy.runtime.callsite.PogoMetaMethodSite.callCurrent(PogoMetaMethodSite.java:62)
	at org.codehaus.groovy.runtime.callsite.AbstractCallSite.callCurrent(AbstractCallSite.java:185)
	at io.restassured.internal.ResponseSpecificationImpl.statusCode(ResponseSpecificationImpl.groovy:135)
	at io.restassured.internal.ValidatableResponseOptionsImpl.statusCode(ValidatableResponseOptionsImpl.java:84)
	at com.emmanuelarhu.tests.UsersApiTest.testDeleteUserWithNegativeId(UsersApiTest.java:422)
	at java.base/jdk.internal.reflect.DirectMethodHandleAccessor.invoke(DirectMethodHandleAccessor.java:103)
	at java.base/java.lang.reflect.Method.invoke(Method.java:580)
	at org.testng.internal.invokers.MethodInvocationHelper.invokeMethod(MethodInvocationHelper.java:139)
	at org.testng.internal.invokers.TestInvoker.invokeMethod(TestInvoker.java:664)
	at org.testng.internal.invokers.TestInvoker.invokeTestMethod(TestInvoker.java:227)
	at org.testng.internal.invokers.MethodRunner.runInSequence(MethodRunner.java:50)
	at org.testng.internal.invokers.TestInvoker$MethodInvocationAgent.invoke(TestInvoker.java:957)
	at org.testng.internal.invokers.TestInvoker.invokeTestMethods(TestInvoker.java:200)
	at org.testng.internal.invokers.TestMethodWorker.invokeTestMethods(TestMethodWorker.java:148)
	at org.testng.internal.invokers.TestMethodWorker.run(TestMethodWorker.java:128)
	at java.base/java.util.ArrayList.forEach(ArrayList.java:1596)
	at org.testng.TestRunner.privateRun(TestRunner.java:848)
	at org.testng.TestRunner.run(TestRunner.java:621)
	at org.testng.SuiteRunner.runTest(SuiteRunner.java:443)
	at org.testng.SuiteRunner.runSequentially(SuiteRunner.java:437)
	at org.testng.SuiteRunner.privateRun(SuiteRunner.java:397)
	at org.testng.SuiteRunner.run(SuiteRunner.java:336)
	at org.testng.SuiteRunnerWorker.runSuite(SuiteRunnerWorker.java:52)
	at org.testng.SuiteRunnerWorker.run(SuiteRunnerWorker.java:95)
	at org.testng.TestNG.runSuitesSequentially(TestNG.java:1280)
	at org.testng.TestNG.runSuitesLocally(TestNG.java:1200)
	at org.testng.TestNG.runSuites(TestNG.java:1114)
	at org.testng.TestNG.run(TestNG.java:1082)
	at org.apache.maven.surefire.testng.TestNGExecutor.run(TestNGExecutor.java:155)
	at org.apache.maven.surefire.testng.TestNGDirectoryTestSuite.executeMulti(TestNGDirectoryTestSuite.java:169)
	at org.apache.maven.surefire.testng.TestNGDirectoryTestSuite.execute(TestNGDirectoryTestSuite.java:88)
	at org.apache.maven.surefire.testng.TestNGProvider.invoke(TestNGProvider.java:137)
	at org.apache.maven.surefire.booter.ForkedBooter.runSuitesInProcess(ForkedBooter.java:385)
	at org.apache.maven.surefire.booter.ForkedBooter.execute(ForkedBooter.java:162)
	at org.apache.maven.surefire.booter.ForkedBooter.run(ForkedBooter.java:507)
	at org.apache.maven.surefire.booter.ForkedBooter.main(ForkedBooter.java:495)
]]></failure>
    <system-out><![CDATA[🚀 Starting test execution...
📋 Testing DELETE /users/-1
]]></system-out>
  </testcase>
  <testcase name="testSqlInjectionProtection[1&apos; OR &apos;1&apos;=&apos;1](1)" classname="com.emmanuelarhu.tests.UsersApiTest" time="0.626">
    <system-out><![CDATA[🚀 Starting test execution...
📋 Testing SQL injection protection with: 1' OR '1'='1
HTTP/1.1 400 Bad Request
Date: Fri, 15 Aug 2025 13:52:34 GMT
Content-Type: application/json; charset=utf-8
Content-Length: 57
Connection: keep-alive
Access-Control-Allow-Origin: *
Etag: W/"39-c+fGpiiXQH9CfiwB4wJOltECia0"
X-Powered-By: Express
Cf-Cache-Status: DYNAMIC
Nel: {"report_to":"cf-nel","success_fraction":0.0,"max_age":604800}
Report-To: {"group":"cf-nel","max_age":604800,"endpoints":[{"url":"https://a.nel.cloudflare.com/report/v4?s=5SZNoB613aPCLw1eEQSmZjwHi6PpWeXPStlLCAsVqFxK8OvRLwBa%2B9UWzlF%2BLPspZBgT%2FL5cwHDW9i1kcxgQ6GDXk0Tgg0Hyg6f1T4%2FH6Uk%3D"}]}
Server: cloudflare
CF-RAY: 96f92c56ae9f41da-CDG
alt-svc: h3=":443"; ma=86400

{
    "status": "error",
    "message": "user id should be provided"
}
]]></system-out>
  </testcase>
  <testcase name="testSqlInjectionProtection[1; DROP TABLE users;](2)" classname="com.emmanuelarhu.tests.UsersApiTest" time="0.478">
    <system-out><![CDATA[🚀 Starting test execution...
📋 Testing SQL injection protection with: 1; DROP TABLE users;
HTTP/1.1 400 Bad Request
Date: Fri, 15 Aug 2025 13:52:34 GMT
Content-Type: application/json; charset=utf-8
Content-Length: 57
Connection: keep-alive
Access-Control-Allow-Origin: *
Etag: W/"39-c+fGpiiXQH9CfiwB4wJOltECia0"
X-Powered-By: Express
Cf-Cache-Status: DYNAMIC
Nel: {"report_to":"cf-nel","success_fraction":0.0,"max_age":604800}
Report-To: {"group":"cf-nel","max_age":604800,"endpoints":[{"url":"https://a.nel.cloudflare.com/report/v4?s=19DUkgfI9jMt0Kpqoxy23PDH8fcGNpZ0uHawjdZEb1zJ9SWAVubAb53aO8oAKoqqjCzPkKAn7TlFe%2B96RTLZnW4Fqcn0wJCi2sxyGEu%2BfK0%3D"}]}
Server: cloudflare
CF-RAY: 96f92c59fdd09b08-CDG
alt-svc: h3=":443"; ma=86400

{
    "status": "error",
    "message": "user id should be provided"
}
]]></system-out>
  </testcase>
  <testcase name="testSqlInjectionProtection[1&apos; UNION SELECT * FROM users--](3)" classname="com.emmanuelarhu.tests.UsersApiTest" time="0.539">
    <system-out><![CDATA[🚀 Starting test execution...
📋 Testing SQL injection protection with: 1' UNION SELECT * FROM users--
HTTP/1.1 400 Bad Request
Date: Fri, 15 Aug 2025 13:52:35 GMT
Content-Type: application/json; charset=utf-8
Content-Length: 57
Connection: keep-alive
Access-Control-Allow-Origin: *
Etag: W/"39-c+fGpiiXQH9CfiwB4wJOltECia0"
X-Powered-By: Express
Cf-Cache-Status: DYNAMIC
Nel: {"report_to":"cf-nel","success_fraction":0.0,"max_age":604800}
Report-To: {"group":"cf-nel","max_age":604800,"endpoints":[{"url":"https://a.nel.cloudflare.com/report/v4?s=MsNyS%2BXb2ZFgxz%2FUpbZIM0lqp80IqgR3GZ6ee%2B%2Bnc1dpSHrRFqJqdv74QOccJXewfXHHE4i0SSzCbKm76f9VGKSFITIiwOrQL6yuhrUDLns%3D"}]}
Server: cloudflare
CF-RAY: 96f92c5d484ed71a-CDG
alt-svc: h3=":443"; ma=86400

{
    "status": "error",
    "message": "user id should be provided"
}
]]></system-out>
  </testcase>
  <testcase name="testSqlInjectionProtection[1&apos; OR 1=1--](4)" classname="com.emmanuelarhu.tests.UsersApiTest" time="0.754">
    <system-out><![CDATA[🚀 Starting test execution...
📋 Testing SQL injection protection with: 1' OR 1=1--
HTTP/1.1 400 Bad Request
Date: Fri, 15 Aug 2025 13:52:36 GMT
Content-Type: application/json; charset=utf-8
Content-Length: 57
Connection: keep-alive
Access-Control-Allow-Origin: *
Etag: W/"39-c+fGpiiXQH9CfiwB4wJOltECia0"
X-Powered-By: Express
Cf-Cache-Status: DYNAMIC
Nel: {"report_to":"cf-nel","success_fraction":0.0,"max_age":604800}
Report-To: {"group":"cf-nel","max_age":604800,"endpoints":[{"url":"https://a.nel.cloudflare.com/report/v4?s=j9v9Vm%2Fg9h13qxt7iOuqZgF9kxUqhpmozRrvQ4N0XPj0ixFgm8LHfcwBSw4Jojc6SSK7fFLeJ2zhvUEdjlsCeTm5BcXWOY25yZH0uTmuSh4%3D"}]}
Server: cloudflare
CF-RAY: 96f92c616e8f763b-CDG
alt-svc: h3=":443"; ma=86400

{
    "status": "error",
    "message": "user id should be provided"
}
]]></system-out>
  </testcase>
  <testcase name="testSqlInjectionProtection[admin&apos;--](5)" classname="com.emmanuelarhu.tests.UsersApiTest" time="0.597">
    <system-out><![CDATA[🚀 Starting test execution...
📋 Testing SQL injection protection with: admin'--
HTTP/1.1 400 Bad Request
Date: Fri, 15 Aug 2025 13:52:36 GMT
Content-Type: application/json; charset=utf-8
Content-Length: 57
Connection: keep-alive
Access-Control-Allow-Origin: *
Etag: W/"39-c+fGpiiXQH9CfiwB4wJOltECia0"
X-Powered-By: Express
Cf-Cache-Status: DYNAMIC
Nel: {"report_to":"cf-nel","success_fraction":0.0,"max_age":604800}
Report-To: {"group":"cf-nel","max_age":604800,"endpoints":[{"url":"https://a.nel.cloudflare.com/report/v4?s=SIE%2FytodVrYNnpk2zpysIBXHfed4JpAeKGbliHglzHMd5BP3HgTjSlxmeho4bMjgDk%2BH9VECXSmYCcywDKKUebm6hbxm8mzpSY4Ii0cr8oo%3D"}]}
Server: cloudflare
CF-RAY: 96f92c659d390f1e-CDG
alt-svc: h3=":443"; ma=86400

{
    "status": "error",
    "message": "user id should be provided"
}
]]></system-out>
  </testcase>
  <testcase name="validateTestEnvironment" classname="com.emmanuelarhu.tests.ConnectivityTest" time="0.0">
    <system-out><![CDATA[🔧 BaseTest setup completed - Base URL: https://fakestoreapi.com
🚀 Starting test execution...
=== Environment Validation ===
Java Version: 21.0.8
Java Vendor: Ubuntu
OS Name: Linux
OS Version: 5.15.167.4-microsoft-standard-WSL2
User Directory: /home/jenkins/workspace/FakeStoreAPI-Tests
Maven Test Source Directory: Not Set
]]></system-out>
  </testcase>
  <testcase name="validateApiConnectivity" classname="com.emmanuelarhu.tests.ConnectivityTest" time="1.43">
    <system-out><![CDATA[🚀 Starting test execution...
=== API Connectivity Test ===
Testing connection to: https://fakestoreapi.com
Response Status Code: 200
Response Time: 1424ms
Response Content-Type: application/json; charset=utf-8
✅ API is fully accessible
]]></system-out>
  </testcase>
  <testcase name="validateTestFramework" classname="com.emmanuelarhu.tests.ConnectivityTest" time="0.558">
    <system-out><![CDATA[🚀 Starting test execution...
=== Test Framework Validation ===
REST Assured Status: ✅ Working
Response received with status: 200
TestNG Assertions: ✅ Working
JSON Response Length: 2990 characters
JSON Parsing: ✅ Working
]]></system-out>
  </testcase>
  <testcase name="validateAllureIntegration" classname="com.emmanuelarhu.tests.ConnectivityTest" time="0.002">
    <system-out><![CDATA[🚀 Starting test execution...
=== Allure Integration Test ===
Allure Integration: ✅ Working
]]></system-out>
  </testcase>
</testsuite>